TN:
SF:node_modules\@elysiajs\cors\dist\index.mjs
FNF:9
FNH:5
DA:2,30
DA:3,56
DA:4,34
DA:5,61
DA:11,2
DA:25,2
DA:27,23
DA:28,10
DA:29,15
DA:30,18
DA:31,19
DA:32,26
DA:33,25
DA:34,23
DA:35,15
DA:36,22
DA:37,14
DA:38,36
DA:39,3
DA:40,38
DA:41,53
DA:42,29
DA:43,27
DA:44,17
DA:45,5
DA:46,4
DA:47,35
DA:48,41
DA:49,25
DA:50,29
DA:51,88
DA:52,11
DA:75,2
DA:77,40
DA:78,21
DA:79,25
DA:80,70
DA:86,2
DA:88,28
DA:89,40
DA:90,3
DA:91,41
DA:92,3
DA:93,27
DA:94,62
DA:95,30
DA:108,1
DA:110,77
DA:111,42
DA:112,31
DA:113,38
DA:114,59
DA:115,54
DA:116,34
DA:117,60
DA:118,33
DA:119,64
DA:120,2
DA:121,3
DA:123,23
DA:124,31
DA:126,9
LF:128
LH:62
end_of_record
TN:
SF:node_modules\@elysiajs\stream\dist\index.mjs
FNF:16
FNH:5
DA:2,30
DA:3,30
DA:4,65
DA:5,28
DA:6,36
DA:7,32
DA:8,20
DA:9,42
DA:10,21
DA:11,19
DA:12,19
DA:13,28
DA:14,39
DA:15,21
DA:16,13
DA:17,51
DA:18,24
DA:19,41
DA:20,49
DA:23,8
DA:25,4
DA:26,12
DA:54,3
DA:77,8
DA:83,1
DA:85,9
DA:86,64
DA:87,34
DA:91,6
DA:92,29
DA:93,22
DA:94,43
DA:95,20
DA:96,52
DA:100,4
DA:106,1
DA:109,1
DA:111,2
DA:112,25
DA:113,33
DA:115,16
LF:122
LH:41
end_of_record
TN:
SF:node_modules\@sinclair\typebox\build\esm\compiler\compiler.mjs
FNF:72
FNH:6
DA:1,146
DA:2,43
DA:3,53
DA:4,53
DA:5,47
DA:6,45
DA:7,47
DA:8,72
DA:9,53
DA:10,76
DA:11,46
DA:15,79
DA:19,48
DA:23,24
DA:29,1
DA:33,1
DA:37,1
DA:41,1
DA:47,1
DA:54,1
DA:56,1
DA:60,14
DA:61,14
DA:63,1
DA:65,36
DA:67,1
DA:69,40
DA:71,1
DA:73,30
DA:75,1
DA:77,36
DA:78,32
DA:82,21
DA:83,21
DA:87,1
DA:98,1
DA:101,1
DA:104,1
DA:106,37
DA:107,46
DA:111,15
DA:112,15
DA:124,1
DA:126,31
DA:127,34
DA:131,18
DA:132,18
DA:134,1
DA:136,34
DA:137,40
DA:141,64
DA:144,1
DA:146,1
DA:147,62
DA:150,1
DA:152,1
DA:156,18
DA:157,11
DA:159,1
DA:161,59
DA:163,1
DA:165,37
DA:169,1
DA:171,37
DA:173,1
DA:175,37
DA:177,1
DA:179,35
DA:180,26
DA:182,24
DA:183,17
DA:188,1
DA:194,1
DA:218,1
DA:221,1
DA:234,1
DA:237,1
DA:240,1
DA:253,1
DA:256,1
DA:269,1
DA:284,1
DA:288,1
DA:295,1
DA:299,1
DA:303,1
DA:306,1
DA:319,1
DA:354,1
DA:357,1
DA:370,1
DA:378,1
DA:387,1
DA:401,1
DA:404,1
DA:409,1
DA:413,1
DA:423,1
DA:426,1
DA:430,1
DA:437,1
DA:440,1
DA:443,1
DA:448,1
DA:533,1
DA:540,20
DA:541,27
DA:542,23
DA:543,23
DA:544,20
DA:545,3
DA:550,1
DA:553,1
DA:558,1
DA:565,1
DA:569,1
DA:572,1
DA:587,1
DA:608,1
DA:610,27
DA:633,1
DA:635,35
DA:636,37
LF:637
LH:123
end_of_record
TN:
SF:node_modules\@sinclair\typebox\build\esm\compiler\index.mjs
FNF:1
FNH:1
DA:1,73
DA:2,30
LF:3
LH:2
end_of_record
TN:
SF:node_modules\@sinclair\typebox\build\esm\errors\errors.mjs
FNF:42
FNH:1
DA:1,53
DA:2,53
DA:3,72
DA:4,76
DA:5,48
DA:6,53
DA:7,47
DA:8,45
DA:9,47
DA:10,46
DA:15,206
DA:19,26
DA:20,19
DA:21,72
DA:22,78
DA:23,72
DA:24,78
DA:25,72
DA:26,78
DA:27,56
DA:28,72
DA:29,90
DA:30,90
DA:31,73
DA:32,73
DA:33,79
DA:34,59
DA:35,61
DA:36,105
DA:37,105
DA:38,87
DA:39,87
DA:40,93
DA:41,55
DA:42,63
DA:43,93
DA:44,93
DA:45,75
DA:46,75
DA:47,81
DA:48,61
DA:49,107
DA:50,65
DA:51,63
DA:52,55
DA:53,61
DA:54,57
DA:55,53
DA:56,55
DA:57,91
DA:58,91
DA:59,73
DA:60,73
DA:61,79
DA:62,59
DA:63,99
DA:64,85
DA:65,85
DA:66,91
DA:67,59
DA:68,61
DA:69,59
DA:70,85
DA:71,71
DA:72,77
DA:73,77
DA:74,73
DA:75,59
DA:76,59
DA:77,69
DA:78,57
DA:79,93
DA:80,93
DA:81,67
DA:82,65
DA:83,57
DA:84,57
DA:85,42
DA:89,63
DA:92,1
DA:94,1
DA:99,2
DA:105,2
DA:110,33
DA:115,1
DA:120,1
DA:127,1
DA:570,1
DA:576,1
LF:578
LH:89
end_of_record
TN:
SF:node_modules\@sinclair\typebox\build\esm\errors\function.mjs
FNF:3
FNH:0
DA:1,47
DA:2,44
DA:135,1
DA:139,40
DA:142,1
DA:146,1
LF:148
LH:6
end_of_record
TN:
SF:node_modules\@sinclair\typebox\build\esm\errors\index.mjs
FNF:1
FNH:1
DA:1,29
DA:2,30
LF:3
LH:2
end_of_record
TN:
SF:node_modules\@sinclair\typebox\build\esm\index.mjs
FNF:1
FNH:1
DA:4,39
DA:5,39
DA:6,39
DA:7,41
DA:8,42
DA:9,42
DA:10,38
DA:11,41
DA:15,37
DA:16,39
DA:17,48
DA:18,41
DA:19,40
DA:20,41
DA:21,43
DA:22,39
DA:23,45
DA:24,56
DA:25,38
DA:26,39
DA:27,38
DA:28,41
DA:29,41
DA:30,41
DA:31,42
DA:32,41
DA:33,47
DA:34,41
DA:35,43
DA:36,42
DA:37,43
DA:38,39
DA:39,41
DA:40,40
DA:41,39
DA:42,37
DA:43,38
DA:44,40
DA:45,40
DA:46,38
DA:47,42
DA:48,44
DA:49,41
DA:50,38
DA:51,41
DA:52,42
DA:53,51
DA:54,40
DA:55,43
DA:56,37
DA:57,40
DA:58,42
DA:59,38
DA:60,45
DA:61,40
DA:62,40
DA:63,40
DA:64,40
DA:65,40
DA:66,50
DA:67,43
DA:68,39
DA:69,44
DA:70,43
DA:71,39
DA:72,41
DA:73,40
DA:74,38
DA:78,37
LF:79
LH:69
end_of_record
TN:
SF:node_modules\@sinclair\typebox\build\esm\system\index.mjs
FNF:1
FNH:1
DA:1,29
DA:2,28
LF:3
LH:2
end_of_record
TN:
SF:node_modules\@sinclair\typebox\build\esm\system\policy.mjs
FNF:6
FNH:1
DA:1,82
DA:2,28
DA:3,21
DA:9,54
DA:11,44
DA:13,36
DA:15,41
DA:18,1
DA:20,69
DA:24,1
DA:26,47
DA:29,1
DA:31,47
DA:34,1
DA:36,47
DA:40,1
DA:42,45
DA:43,45
LF:44
LH:18
end_of_record
TN:
SF:node_modules\@sinclair\typebox\build\esm\system\system.mjs
FNF:6
FNH:3
DA:1,72
DA:2,48
DA:3,47
DA:4,53
DA:8,63
DA:10,1
DA:12,1
DA:13,61
DA:15,1
DA:17,1
DA:19,22
DA:20,15
DA:22,16
DA:23,31
DA:24,5
DA:25,34
DA:26,10
DA:28,25
DA:30,18
DA:31,35
DA:32,5
DA:33,38
DA:34,17
DA:36,31
DA:37,33
LF:38
LH:25
end_of_record
TN:
SF:node_modules\@sinclair\typebox\build\esm\type\any\any.mjs
FNF:1
FNH:1
DA:1,41
DA:3,22
DA:4,38
LF:6
LH:3
end_of_record
TN:
SF:node_modules\@sinclair\typebox\build\esm\type\any\index.mjs
FNF:1
FNH:1
DA:1,25
LF:2
LH:1
end_of_record
TN:
SF:node_modules\@sinclair\typebox\build\esm\type\array\array.mjs
FNF:1
FNH:1
DA:1,44
DA:2,41
DA:4,30
DA:5,16
DA:6,13
DA:7,19
DA:8,18
DA:9,26
DA:10,2
LF:12
LH:9
end_of_record
TN:
SF:node_modules\@sinclair\typebox\build\esm\type\array\index.mjs
FNF:1
FNH:1
DA:1,27
LF:2
LH:1
end_of_record
TN:
SF:node_modules\@sinclair\typebox\build\esm\type\async-iterator\async-iterator.mjs
FNF:1
FNH:0
DA:1,42
DA:2,43
DA:10,1
LF:12
LH:3
end_of_record
TN:
SF:node_modules\@sinclair\typebox\build\esm\type\async-iterator\index.mjs
FNF:1
FNH:1
DA:1,36
LF:2
LH:1
end_of_record
TN:
SF:node_modules\@sinclair\typebox\build\esm\type\awaited\awaited.mjs
FNF:6
FNH:0
DA:1,49
DA:2,41
DA:3,44
DA:7,65
DA:10,2
DA:14,2
DA:18,2
DA:22,2
DA:32,2
DA:36,1
LF:38
LH:10
end_of_record
TN:
SF:node_modules\@sinclair\typebox\build\esm\type\awaited\index.mjs
FNF:1
FNH:1
DA:1,29
LF:2
LH:1
end_of_record
TN:
SF:node_modules\@sinclair\typebox\build\esm\type\bigint\bigint.mjs
FNF:1
FNH:0
DA:1,41
DA:8,1
LF:10
LH:2
end_of_record
TN:
SF:node_modules\@sinclair\typebox\build\esm\type\bigint\index.mjs
FNF:1
FNH:1
DA:1,28
LF:2
LH:1
end_of_record
TN:
SF:node_modules\@sinclair\typebox\build\esm\type\boolean\boolean.mjs
FNF:1
FNH:0
DA:1,41
DA:8,1
LF:10
LH:2
end_of_record
TN:
SF:node_modules\@sinclair\typebox\build\esm\type\boolean\index.mjs
FNF:1
FNH:1
DA:1,29
LF:2
LH:1
end_of_record
TN:
SF:node_modules\@sinclair\typebox\build\esm\type\clone\index.mjs
FNF:1
FNH:1
DA:1,27
DA:2,27
LF:3
LH:2
end_of_record
TN:
SF:node_modules\@sinclair\typebox\build\esm\type\clone\type.mjs
FNF:3
FNH:3
DA:1,33
DA:3,17
DA:4,49
DA:7,30
DA:8,41
LF:10
LH:5
end_of_record
TN:
SF:node_modules\@sinclair\typebox\build\esm\type\clone\value.mjs
FNF:8
FNH:5
DA:1,48
DA:2,24
DA:3,42
DA:6,2
DA:9,2
DA:12,2
DA:14,25
DA:15,20
DA:16,55
DA:17,37
DA:18,1
DA:19,57
DA:20,37
DA:21,1
DA:22,16
DA:25,20
DA:26,53
DA:27,28
DA:28,34
DA:29,30
DA:30,47
DA:31,7
DA:34,15
DA:35,21
LF:37
LH:24
end_of_record
TN:
SF:node_modules\@sinclair\typebox\build\esm\type\composite\composite.mjs
FNF:5
FNH:0
DA:1,58
DA:2,59
DA:3,53
DA:4,43
DA:5,46
DA:9,41
DA:15,2
DA:19,2
DA:26,2
DA:34,2
DA:41,1
LF:43
LH:11
end_of_record
TN:
SF:node_modules\@sinclair\typebox\build\esm\type\composite\index.mjs
FNF:1
FNH:1
DA:1,31
LF:2
LH:1
end_of_record
TN:
SF:node_modules\@sinclair\typebox\build\esm\type\const\const.mjs
FNF:5
FNH:0
DA:1,37
DA:2,43
DA:3,39
DA:4,63
DA:5,45
DA:6,39
DA:7,43
DA:8,43
DA:9,41
DA:10,47
DA:11,49
DA:12,51
DA:13,45
DA:14,45
DA:18,187
DA:21,2
DA:28,2
DA:31,2
DA:49,2
DA:53,1
LF:55
LH:20
end_of_record
TN:
SF:node_modules\@sinclair\typebox\build\esm\type\const\index.mjs
FNF:1
FNH:1
DA:1,27
LF:2
LH:1
end_of_record
TN:
SF:node_modules\@sinclair\typebox\build\esm\type\constructor-parameters\constructor-parameters.mjs
FNF:1
FNH:0
DA:1,41
DA:2,43
DA:5,1
LF:7
LH:3
end_of_record
TN:
SF:node_modules\@sinclair\typebox\build\esm\type\constructor-parameters\index.mjs
FNF:1
FNH:1
DA:1,44
LF:2
LH:1
end_of_record
TN:
SF:node_modules\@sinclair\typebox\build\esm\type\constructor\constructor.mjs
FNF:1
FNH:0
DA:1,55
DA:2,41
DA:11,1
LF:13
LH:3
end_of_record
TN:
SF:node_modules\@sinclair\typebox\build\esm\type\constructor\index.mjs
FNF:1
FNH:1
DA:1,33
LF:2
LH:1
end_of_record
TN:
SF:node_modules\@sinclair\typebox\build\esm\type\date\date.mjs
FNF:1
FNH:0
DA:1,41
DA:8,1
LF:10
LH:2
end_of_record
TN:
SF:node_modules\@sinclair\typebox\build\esm\type\date\index.mjs
FNF:1
FNH:1
DA:1,26
LF:2
LH:1
end_of_record
TN:
SF:node_modules\@sinclair\typebox\build\esm\type\deref\deref.mjs
FNF:15
FNH:0
DA:1,55
DA:2,45
DA:3,47
DA:7,156
DA:9,2
DA:17,2
DA:23,2
DA:29,2
DA:34,2
DA:39,2
DA:46,2
DA:51,2
DA:56,2
DA:61,2
DA:66,2
DA:71,2
DA:79,2
DA:94,2
DA:101,1
LF:103
LH:19
end_of_record
TN:
SF:node_modules\@sinclair\typebox\build\esm\type\deref\index.mjs
FNF:1
FNH:1
DA:1,27
LF:2
LH:1
end_of_record
TN:
SF:node_modules\@sinclair\typebox\build\esm\type\discard\discard.mjs
FNF:2
FNH:0
DA:3,2
LF:8
LH:1
end_of_record
TN:
SF:node_modules\@sinclair\typebox\build\esm\type\discard\index.mjs
FNF:1
FNH:1
DA:1,29
LF:2
LH:1
end_of_record
TN:
SF:node_modules\@sinclair\typebox\build\esm\type\enum\enum.mjs
FNF:1
FNH:0
DA:1,45
DA:2,48
DA:3,41
DA:7,46
DA:17,1
LF:19
LH:5
end_of_record
TN:
SF:node_modules\@sinclair\typebox\build\esm\type\enum\index.mjs
FNF:1
FNH:1
DA:1,26
LF:2
LH:1
end_of_record
TN:
SF:node_modules\@sinclair\typebox\build\esm\type\error\error.mjs
FNF:1
FNH:0
DA:2,41
DA:4,1
LF:7
LH:2
end_of_record
TN:
SF:node_modules\@sinclair\typebox\build\esm\type\error\index.mjs
FNF:1
FNH:1
DA:1,27
LF:2
LH:1
end_of_record
TN:
SF:node_modules\@sinclair\typebox\build\esm\type\exclude\exclude-from-mapped-result.mjs
FNF:3
FNH:0
DA:1,49
DA:2,37
DA:8,2
DA:12,2
DA:17,1
LF:19
LH:5
end_of_record
TN:
SF:node_modules\@sinclair\typebox\build\esm\type\exclude\exclude-from-template-literal.mjs
FNF:1
FNH:0
DA:1,38
DA:2,68
DA:4,1
LF:6
LH:3
end_of_record
TN:
SF:node_modules\@sinclair\typebox\build\esm\type\exclude\exclude.mjs
FNF:2
FNH:0
DA:1,41
DA:2,41
DA:3,65
DA:4,44
DA:5,73
DA:6,79
DA:10,76
DA:13,2
DA:24,1
LF:26
LH:9
end_of_record
TN:
SF:node_modules\@sinclair\typebox\build\esm\type\exclude\index.mjs
FNF:1
FNH:1
DA:1,49
DA:2,52
DA:3,29
LF:4
LH:3
end_of_record
TN:
SF:node_modules\@sinclair\typebox\build\esm\type\extends\extends-check.mjs
FNF:68
FNH:1
DA:1,37
DA:2,63
DA:3,43
DA:4,43
DA:5,45
DA:6,69
DA:7,77
DA:8,48
DA:9,48
DA:10,57
DA:11,56
DA:12,1
DA:13,25
DA:14,18
DA:15,54
DA:16,52
DA:17,56
DA:18,39
DA:24,2
DA:31,2
DA:42,2
DA:51,2
DA:58,2
DA:67,2
DA:77,2
DA:84,2
DA:93,2
DA:104,2
DA:113,2
DA:121,2
DA:133,2
DA:144,2
DA:156,2
DA:165,2
DA:173,2
DA:182,2
DA:188,2
DA:197,2
DA:212,2
DA:219,2
DA:223,2
DA:237,2
DA:247,2
DA:258,2
DA:267,2
DA:275,2
DA:282,2
DA:286,2
DA:292,2
DA:296,2
DA:300,2
DA:304,2
DA:308,2
DA:312,2
DA:317,2
DA:321,2
DA:326,2
DA:331,2
DA:340,2
DA:368,2
DA:388,2
DA:398,2
DA:407,2
DA:413,2
DA:430,2
DA:437,2
DA:448,2
DA:457,2
DA:465,2
DA:476,2
DA:488,2
DA:497,2
DA:504,2
DA:515,2
DA:526,2
DA:538,2
DA:547,2
DA:553,2
DA:560,2
DA:576,2
DA:585,2
DA:595,2
DA:631,2
DA:634,1
LF:636
LH:84
end_of_record
TN:
SF:node_modules\@sinclair\typebox\build\esm\type\extends\extends-from-mapped-key.mjs
FNF:4
FNH:0
DA:1,49
DA:2,45
DA:3,37
DA:8,2
DA:14,2
DA:18,2
DA:23,1
LF:25
LH:7
end_of_record
TN:
SF:node_modules\@sinclair\typebox\build\esm\type\extends\extends-from-mapped-result.mjs
FNF:3
FNH:0
DA:1,49
DA:2,37
DA:8,2
DA:12,2
DA:17,1
LF:19
LH:5
end_of_record
TN:
SF:node_modules\@sinclair\typebox\build\esm\type\extends\extends-undefined.mjs
FNF:4
FNH:0
DA:1,41
DA:4,2
DA:7,2
DA:10,2
DA:19,1
LF:21
LH:5
end_of_record
TN:
SF:node_modules\@sinclair\typebox\build\esm\type\extends\extends.mjs
FNF:2
FNH:0
DA:1,41
DA:2,64
DA:3,44
DA:4,67
DA:5,73
DA:9,61
DA:15,2
DA:22,1
LF:24
LH:8
end_of_record
TN:
SF:node_modules\@sinclair\typebox\build\esm\type\extends\index.mjs
FNF:1
FNH:1
DA:1,36
DA:2,46
DA:3,49
DA:4,40
DA:5,29
LF:6
LH:5
end_of_record
TN:
SF:node_modules\@sinclair\typebox\build\esm\type\extract\extract-from-mapped-result.mjs
FNF:3
FNH:0
DA:1,49
DA:2,37
DA:8,2
DA:12,2
DA:17,1
LF:19
LH:5
end_of_record
TN:
SF:node_modules\@sinclair\typebox\build\esm\type\extract\extract-from-template-literal.mjs
FNF:1
FNH:0
DA:1,38
DA:2,68
DA:4,1
LF:6
LH:3
end_of_record
TN:
SF:node_modules\@sinclair\typebox\build\esm\type\extract\extract.mjs
FNF:2
FNH:0
DA:1,41
DA:2,41
DA:3,65
DA:4,44
DA:5,73
DA:6,79
DA:10,76
DA:13,2
DA:24,1
LF:26
LH:9
end_of_record
TN:
SF:node_modules\@sinclair\typebox\build\esm\type\extract\index.mjs
FNF:1
FNH:1
DA:1,49
DA:2,52
DA:3,29
LF:4
LH:3
end_of_record
TN:
SF:node_modules\@sinclair\typebox\build\esm\type\function\function.mjs
FNF:1
FNH:0
DA:1,55
DA:2,41
DA:11,1
LF:13
LH:3
end_of_record
TN:
SF:node_modules\@sinclair\typebox\build\esm\type\function\index.mjs
FNF:1
FNH:1
DA:1,30
LF:2
LH:1
end_of_record
TN:
SF:node_modules\@sinclair\typebox\build\esm\type\guard\index.mjs
FNF:1
FNH:1
DA:1,40
DA:2,40
DA:3,41
LF:4
LH:3
end_of_record
TN:
SF:node_modules\@sinclair\typebox\build\esm\type\guard\kind.mjs
FNF:45
FNH:38
DA:1,42
DA:2,90
DA:5,1
DA:8,15
DA:9,73
DA:12,15
DA:13,31
DA:16,15
DA:17,33
DA:20,15
DA:21,41
DA:24,15
DA:25,34
DA:28,15
DA:29,35
DA:32,15
DA:33,39
DA:36,15
DA:37,32
DA:40,15
DA:41,36
DA:44,15
DA:45,35
DA:49,1
DA:52,15
DA:53,37
DA:56,15
DA:57,36
DA:60,21
DA:61,76
DA:65,1
DA:69,1
DA:73,1
DA:76,15
DA:77,35
DA:80,15
DA:81,37
DA:84,15
DA:85,40
DA:88,15
DA:89,33
DA:92,15
DA:93,31
DA:96,15
DA:97,32
DA:100,15
DA:101,34
DA:104,15
DA:105,34
DA:108,15
DA:109,35
DA:112,15
DA:113,34
DA:117,1
DA:120,15
DA:121,31
DA:124,15
DA:125,34
DA:128,15
DA:129,34
DA:132,15
DA:133,34
DA:136,15
DA:137,43
DA:140,15
DA:141,32
DA:145,1
DA:148,15
DA:149,33
DA:152,15
DA:153,37
DA:156,15
DA:157,33
DA:160,15
DA:161,38
DA:164,15
DA:165,35
DA:168,15
DA:169,34
DA:172,15
DA:173,32
DA:176,15
DA:177,88
DA:180,15
DA:182,24
DA:183,18
DA:184,20
DA:185,19
DA:186,26
DA:187,24
DA:188,17
DA:189,21
DA:190,20
DA:191,22
DA:192,21
DA:193,20
DA:194,22
DA:195,25
DA:196,18
DA:197,16
DA:198,17
DA:199,19
DA:200,19
DA:201,20
DA:202,19
DA:203,16
DA:204,19
DA:205,19
DA:206,19
DA:207,28
DA:208,17
DA:209,18
DA:210,22
DA:211,18
DA:212,23
DA:213,20
DA:214,19
DA:215,17
DA:216,14
LF:218
LH:119
end_of_record
TN:
SF:node_modules\@sinclair\typebox\build\esm\type\guard\type.mjs
FNF:58
FNH:0
DA:1,42
DA:2,91
DA:3,48
DA:4,61
DA:5,1
DA:6,21
DA:7,8
DA:8,10
DA:9,18
DA:10,11
DA:11,12
DA:12,16
DA:13,9
DA:14,9
DA:15,13
DA:16,12
DA:17,14
DA:18,13
DA:19,12
DA:20,14
DA:21,17
DA:22,8
DA:23,9
DA:24,11
DA:25,11
DA:26,12
DA:27,11
DA:28,8
DA:29,11
DA:30,11
DA:31,11
DA:32,20
DA:33,9
DA:34,10
DA:35,14
DA:36,10
DA:37,15
DA:38,12
DA:39,7
DA:40,1
DA:47,2
DA:59,2
DA:62,2
DA:65,2
DA:68,2
DA:71,2
DA:74,2
DA:77,2
DA:80,2
DA:83,2
DA:90,1
DA:94,1
DA:103,1
DA:116,1
DA:124,1
DA:136,1
DA:143,1
DA:153,1
DA:164,1
DA:174,1
DA:185,1
DA:191,1
DA:202,1
DA:210,1
DA:214,1
DA:218,1
DA:222,1
DA:226,1
DA:232,1
DA:236,1
DA:243,1
DA:249,1
DA:256,1
DA:262,1
DA:269,1
DA:280,1
DA:291,1
DA:299,1
DA:315,1
DA:319,1
DA:326,1
DA:336,1
DA:347,1
DA:354,1
DA:363,1
DA:370,1
DA:374,1
DA:389,1
DA:396,1
DA:400,1
DA:409,1
DA:418,1
DA:424,1
DA:428,1
DA:435,1
DA:439,1
DA:478,1
LF:480
LH:97
end_of_record
TN:
SF:node_modules\@sinclair\typebox\build\esm\type\guard\value.mjs
FNF:15
FNH:5
DA:3,1
DA:6,15
DA:7,29
DA:11,1
DA:15,1
DA:18,15
DA:19,41
DA:23,1
DA:27,1
DA:31,1
DA:35,1
DA:38,15
DA:39,52
DA:42,15
DA:43,43
DA:47,1
DA:51,1
DA:54,15
DA:55,47
LF:61
LH:19
end_of_record
TN:
SF:node_modules\@sinclair\typebox\build\esm\type\helpers\helpers.mjs
FNF:1
FNH:0
LF:5
LH:0
end_of_record
TN:
SF:node_modules\@sinclair\typebox\build\esm\type\helpers\index.mjs
FNF:1
FNH:1
DA:1,29
LF:2
LH:1
end_of_record
TN:
SF:node_modules\@sinclair\typebox\build\esm\type\indexed\index.mjs
FNF:1
FNH:1
DA:1,46
DA:2,49
DA:3,44
DA:4,29
LF:5
LH:4
end_of_record
TN:
SF:node_modules\@sinclair\typebox\build\esm\type\indexed\indexed-from-mapped-key.mjs
FNF:4
FNH:0
DA:1,36
DA:2,48
DA:5,2
DA:11,2
DA:15,2
DA:20,1
LF:22
LH:6
end_of_record
TN:
SF:node_modules\@sinclair\typebox\build\esm\type\indexed\indexed-from-mapped-result.mjs
FNF:3
FNH:0
DA:1,49
DA:2,62
DA:3,33
DA:10,2
DA:14,2
DA:19,1
LF:21
LH:6
end_of_record
TN:
SF:node_modules\@sinclair\typebox\build\esm\type\indexed\indexed-property-keys.mjs
FNF:4
FNH:0
DA:1,70
DA:5,92
DA:9,2
DA:16,2
DA:20,2
DA:31,1
LF:33
LH:6
end_of_record
TN:
SF:node_modules\@sinclair\typebox\build\esm\type\indexed\indexed.mjs
FNF:12
FNH:0
DA:1,41
DA:2,58
DA:3,50
DA:4,44
DA:5,62
DA:6,65
DA:7,71
DA:11,130
DA:14,2
DA:18,2
DA:22,2
DA:28,2
DA:32,2
DA:38,2
DA:44,2
DA:48,2
DA:57,1
DA:61,1
DA:65,2
DA:73,1
LF:75
LH:20
end_of_record
TN:
SF:node_modules\@sinclair\typebox\build\esm\type\instance-type\index.mjs
FNF:1
FNH:1
DA:1,35
LF:2
LH:1
end_of_record
TN:
SF:node_modules\@sinclair\typebox\build\esm\type\instance-type\instance-type.mjs
FNF:1
FNH:0
DA:1,43
DA:4,1
LF:6
LH:2
end_of_record
TN:
SF:node_modules\@sinclair\typebox\build\esm\type\integer\index.mjs
FNF:1
FNH:1
DA:1,29
LF:2
LH:1
end_of_record
TN:
SF:node_modules\@sinclair\typebox\build\esm\type\integer\integer.mjs
FNF:1
FNH:0
DA:1,41
DA:8,1
LF:10
LH:2
end_of_record
TN:
SF:node_modules\@sinclair\typebox\build\esm\type\intersect\index.mjs
FNF:1
FNH:1
DA:1,42
DA:2,37
DA:3,31
LF:4
LH:3
end_of_record
TN:
SF:node_modules\@sinclair\typebox\build\esm\type\intersect\intersect-create.mjs
FNF:1
FNH:0
DA:1,42
DA:2,55
DA:6,52
DA:18,1
LF:20
LH:4
end_of_record
TN:
SF:node_modules\@sinclair\typebox\build\esm\type\intersect\intersect-evaluated.mjs
FNF:5
FNH:0
DA:1,50
DA:2,44
DA:3,45
DA:4,41
DA:5,47
DA:6,55
DA:10,57
DA:13,2
DA:17,2
DA:21,2
DA:27,2
DA:37,1
LF:39
LH:12
end_of_record
TN:
SF:node_modules\@sinclair\typebox\build\esm\type\intersect\intersect-type.mjs
FNF:1
FNH:1
DA:1,41
LF:2
LH:1
end_of_record
TN:
SF:node_modules\@sinclair\typebox\build\esm\type\intersect\intersect.mjs
FNF:1
FNH:0
DA:1,44
DA:2,41
DA:3,55
DA:7,45
DA:16,1
LF:18
LH:5
end_of_record
TN:
SF:node_modules\@sinclair\typebox\build\esm\type\intrinsic\capitalize.mjs
FNF:1
FNH:0
DA:1,41
DA:4,1
LF:6
LH:2
end_of_record
TN:
SF:node_modules\@sinclair\typebox\build\esm\type\intrinsic\index.mjs
FNF:1
FNH:1
DA:1,33
DA:2,48
DA:3,32
DA:4,32
DA:5,35
DA:6,31
LF:7
LH:6
end_of_record
TN:
SF:node_modules\@sinclair\typebox\build\esm\type\intrinsic\intrinsic-from-mapped-key.mjs
FNF:4
FNH:0
DA:1,49
DA:2,42
DA:3,44
DA:8,2
DA:14,2
DA:18,2
DA:23,1
LF:25
LH:7
end_of_record
TN:
SF:node_modules\@sinclair\typebox\build\esm\type\intrinsic\intrinsic.mjs
FNF:8
FNH:0
DA:1,159
DA:2,71
DA:3,45
DA:4,41
DA:8,84
DA:14,2
DA:18,2
DA:21,2
DA:24,2
DA:37,2
DA:45,2
DA:49,2
DA:61,1
LF:63
LH:13
end_of_record
TN:
SF:node_modules\@sinclair\typebox\build\esm\type\intrinsic\lowercase.mjs
FNF:1
FNH:0
DA:1,41
DA:4,1
LF:6
LH:2
end_of_record
TN:
SF:node_modules\@sinclair\typebox\build\esm\type\intrinsic\uncapitalize.mjs
FNF:1
FNH:0
DA:1,41
DA:4,1
LF:6
LH:2
end_of_record
TN:
SF:node_modules\@sinclair\typebox\build\esm\type\intrinsic\uppercase.mjs
FNF:1
FNH:0
DA:1,41
DA:4,1
LF:6
LH:2
end_of_record
TN:
SF:node_modules\@sinclair\typebox\build\esm\type\iterator\index.mjs
FNF:1
FNH:1
DA:1,30
LF:2
LH:1
end_of_record
TN:
SF:node_modules\@sinclair\typebox\build\esm\type\iterator\iterator.mjs
FNF:1
FNH:0
DA:1,44
DA:2,41
DA:10,1
LF:12
LH:3
end_of_record
TN:
SF:node_modules\@sinclair\typebox\build\esm\type\keyof\index.mjs
FNF:1
FNH:1
DA:1,47
DA:2,45
DA:3,42
DA:4,27
LF:5
LH:4
end_of_record
TN:
SF:node_modules\@sinclair\typebox\build\esm\type\keyof\keyof-from-mapped-result.mjs
FNF:3
FNH:0
DA:1,49
DA:2,33
DA:8,2
DA:12,2
DA:17,1
LF:19
LH:5
end_of_record
TN:
SF:node_modules\@sinclair\typebox\build\esm\type\keyof\keyof-property-entries.mjs
FNF:1
FNH:0
DA:1,61
DA:2,59
DA:11,1
LF:13
LH:3
end_of_record
TN:
SF:node_modules\@sinclair\typebox\build\esm\type\keyof\keyof-property-keys.mjs
FNF:9
FNH:0
DA:1,65
DA:5,93
DA:11,2
DA:17,2
DA:23,2
DA:27,2
DA:31,2
DA:35,2
DA:49,2
DA:60,1
DA:65,36
DA:72,1
LF:74
LH:12
end_of_record
TN:
SF:node_modules\@sinclair\typebox\build\esm\type\keyof\keyof.mjs
FNF:2
FNH:0
DA:1,45
DA:2,43
DA:3,60
DA:4,50
DA:5,44
DA:6,69
DA:10,48
DA:13,1
DA:24,1
LF:27
LH:9
end_of_record
TN:
SF:node_modules\@sinclair\typebox\build\esm\type\literal\index.mjs
FNF:1
FNH:1
DA:1,29
LF:2
LH:1
end_of_record
TN:
SF:node_modules\@sinclair\typebox\build\esm\type\literal\literal.mjs
FNF:1
FNH:1
DA:1,41
DA:3,29
DA:4,16
DA:5,13
DA:6,21
DA:7,17
DA:8,20
DA:9,2
LF:11
LH:8
end_of_record
TN:
SF:node_modules\@sinclair\typebox\build\esm\type\mapped\index.mjs
FNF:1
FNH:1
DA:1,33
DA:2,36
DA:3,28
LF:4
LH:3
end_of_record
TN:
SF:node_modules\@sinclair\typebox\build\esm\type\mapped\mapped-key.mjs
FNF:1
FNH:0
DA:1,41
DA:7,1
LF:9
LH:2
end_of_record
TN:
SF:node_modules\@sinclair\typebox\build\esm\type\mapped\mapped-result.mjs
FNF:1
FNH:0
DA:1,41
DA:7,1
LF:9
LH:2
end_of_record
TN:
SF:node_modules\@sinclair\typebox\build\esm\type\mapped\mapped.mjs
FNF:10
FNH:0
DA:1,70
DA:2,44
DA:3,45
DA:5,41
DA:6,58
DA:7,53
DA:8,63
DA:9,55
DA:10,49
DA:11,47
DA:12,45
DA:13,43
DA:14,47
DA:15,45
DA:16,47
DA:17,41
DA:18,41
DA:20,46
DA:22,49
DA:26,212
DA:31,2
DA:35,2
DA:42,2
DA:48,2
DA:53,2
DA:57,2
DA:64,2
DA:86,2
DA:93,1
DA:100,1
LF:102
LH:30
end_of_record
TN:
SF:node_modules\@sinclair\typebox\build\esm\type\never\index.mjs
FNF:1
FNH:1
DA:1,27
LF:2
LH:1
end_of_record
TN:
SF:node_modules\@sinclair\typebox\build\esm\type\never\never.mjs
FNF:1
FNH:0
DA:1,41
DA:8,1
LF:10
LH:2
end_of_record
TN:
SF:node_modules\@sinclair\typebox\build\esm\type\not\index.mjs
FNF:1
FNH:1
DA:1,25
LF:2
LH:1
end_of_record
TN:
SF:node_modules\@sinclair\typebox\build\esm\type\not\not.mjs
FNF:1
FNH:0
DA:1,44
DA:2,41
DA:9,1
LF:11
LH:3
end_of_record
TN:
SF:node_modules\@sinclair\typebox\build\esm\type\null\index.mjs
FNF:1
FNH:1
DA:1,26
LF:2
LH:1
end_of_record
TN:
SF:node_modules\@sinclair\typebox\build\esm\type\null\null.mjs
FNF:1
FNH:0
DA:1,41
DA:8,1
LF:10
LH:2
end_of_record
TN:
SF:node_modules\@sinclair\typebox\build\esm\type\number\index.mjs
FNF:1
FNH:1
DA:1,28
LF:2
LH:1
end_of_record
TN:
SF:node_modules\@sinclair\typebox\build\esm\type\number\number.mjs
FNF:1
FNH:0
DA:1,41
DA:8,1
LF:10
LH:2
end_of_record
TN:
SF:node_modules\@sinclair\typebox\build\esm\type\object\index.mjs
FNF:1
FNH:1
DA:1,28
LF:2
LH:1
end_of_record
TN:
SF:node_modules\@sinclair\typebox\build\esm\type\object\object.mjs
FNF:3
FNH:3
DA:1,44
DA:2,42
DA:6,55
DA:8,41
DA:9,73
DA:10,79
DA:11,81
DA:12,81
DA:13,30
DA:14,33
DA:15,53
DA:16,33
DA:17,135
DA:18,111
DA:21,29
LF:22
LH:15
end_of_record
TN:
SF:node_modules\@sinclair\typebox\build\esm\type\omit\index.mjs
FNF:1
FNH:1
DA:1,43
DA:2,46
DA:3,26
LF:4
LH:3
end_of_record
TN:
SF:node_modules\@sinclair\typebox\build\esm\type\omit\omit-from-mapped-key.mjs
FNF:4
FNH:0
DA:1,49
DA:2,31
DA:7,2
DA:13,2
DA:17,2
DA:22,1
LF:24
LH:6
end_of_record
TN:
SF:node_modules\@sinclair\typebox\build\esm\type\omit\omit-from-mapped-result.mjs
FNF:3
FNH:0
DA:1,49
DA:2,31
DA:8,2
DA:12,2
DA:17,1
LF:19
LH:5
end_of_record
TN:
SF:node_modules\@sinclair\typebox\build\esm\type\omit\omit.mjs
FNF:6
FNH:0
DA:1,49
DA:2,41
DA:3,43
DA:4,55
DA:5,45
DA:6,51
DA:7,44
DA:8,61
DA:9,67
DA:13,103
DA:16,2
DA:20,2
DA:28,2
DA:32,2
DA:42,2
DA:54,1
LF:56
LH:16
end_of_record
TN:
SF:node_modules\@sinclair\typebox\build\esm\type\optional\index.mjs
FNF:1
FNH:1
DA:1,50
DA:2,30
LF:3
LH:2
end_of_record
TN:
SF:node_modules\@sinclair\typebox\build\esm\type\optional\optional-from-mapped-result.mjs
FNF:3
FNH:0
DA:1,49
DA:2,39
DA:8,2
DA:12,2
DA:17,1
LF:19
LH:5
end_of_record
TN:
SF:node_modules\@sinclair\typebox\build\esm\type\optional\optional.mjs
FNF:4
FNH:0
DA:1,50
DA:2,44
DA:3,45
DA:4,75
DA:5,48
DA:7,2
DA:10,2
DA:16,2
DA:21,1
LF:23
LH:9
end_of_record
TN:
SF:node_modules\@sinclair\typebox\build\esm\type\parameters\index.mjs
FNF:1
FNH:1
DA:1,32
LF:2
LH:1
end_of_record
TN:
SF:node_modules\@sinclair\typebox\build\esm\type\parameters\parameters.mjs
FNF:1
FNH:0
DA:1,41
DA:2,43
DA:5,1
LF:7
LH:3
end_of_record
TN:
SF:node_modules\@sinclair\typebox\build\esm\type\partial\index.mjs
FNF:1
FNH:1
DA:1,49
DA:2,29
LF:3
LH:2
end_of_record
TN:
SF:node_modules\@sinclair\typebox\build\esm\type\partial\partial-from-mapped-result.mjs
FNF:3
FNH:0
DA:1,49
DA:2,37
DA:8,2
DA:12,2
DA:17,1
LF:19
LH:5
end_of_record
TN:
SF:node_modules\@sinclair\typebox\build\esm\type\partial\partial.mjs
FNF:4
FNH:0
DA:1,47
DA:2,43
DA:3,49
DA:4,41
DA:5,45
DA:6,51
DA:7,44
DA:8,73
DA:12,80
DA:15,2
DA:22,2
DA:32,2
DA:40,1
LF:42
LH:13
end_of_record
TN:
SF:node_modules\@sinclair\typebox\build\esm\type\patterns\index.mjs
FNF:1
FNH:1
DA:1,30
LF:2
LH:1
end_of_record
TN:
SF:node_modules\@sinclair\typebox\build\esm\type\patterns\patterns.mjs
FNF:1
FNH:1
DA:1,45
DA:2,47
DA:3,36
DA:4,52
DA:5,54
DA:6,42
LF:7
LH:6
end_of_record
TN:
SF:node_modules\@sinclair\typebox\build\esm\type\pick\index.mjs
FNF:1
FNH:1
DA:1,43
DA:2,46
DA:3,26
LF:4
LH:3
end_of_record
TN:
SF:node_modules\@sinclair\typebox\build\esm\type\pick\pick-from-mapped-key.mjs
FNF:4
FNH:0
DA:1,49
DA:2,31
DA:7,2
DA:13,2
DA:17,2
DA:22,1
LF:24
LH:6
end_of_record
TN:
SF:node_modules\@sinclair\typebox\build\esm\type\pick\pick-from-mapped-result.mjs
FNF:3
FNH:0
DA:1,49
DA:2,31
DA:8,2
DA:12,2
DA:17,1
LF:19
LH:5
end_of_record
TN:
SF:node_modules\@sinclair\typebox\build\esm\type\pick\pick.mjs
FNF:5
FNH:0
DA:1,49
DA:2,41
DA:3,43
DA:4,55
DA:5,45
DA:6,51
DA:7,44
DA:8,61
DA:9,67
DA:13,103
DA:15,2
DA:19,2
DA:27,2
DA:37,2
DA:49,1
LF:51
LH:15
end_of_record
TN:
SF:node_modules\@sinclair\typebox\build\esm\type\promise\index.mjs
FNF:1
FNH:1
DA:1,29
LF:2
LH:1
end_of_record
TN:
SF:node_modules\@sinclair\typebox\build\esm\type\promise\promise.mjs
FNF:1
FNH:0
DA:1,44
DA:2,41
DA:10,1
LF:12
LH:3
end_of_record
TN:
SF:node_modules\@sinclair\typebox\build\esm\type\readonly-optional\index.mjs
FNF:1
FNH:1
DA:1,39
LF:2
LH:1
end_of_record
TN:
SF:node_modules\@sinclair\typebox\build\esm\type\readonly-optional\readonly-optional.mjs
FNF:1
FNH:0
DA:1,47
DA:2,46
DA:5,1
LF:7
LH:3
end_of_record
TN:
SF:node_modules\@sinclair\typebox\build\esm\type\readonly\index.mjs
FNF:1
FNH:1
DA:1,50
DA:2,30
LF:3
LH:2
end_of_record
TN:
SF:node_modules\@sinclair\typebox\build\esm\type\readonly\readonly-from-mapped-result.mjs
FNF:3
FNH:0
DA:1,49
DA:2,39
DA:8,2
DA:12,2
DA:17,1
LF:19
LH:5
end_of_record
TN:
SF:node_modules\@sinclair\typebox\build\esm\type\readonly\readonly.mjs
FNF:4
FNH:0
DA:1,50
DA:2,44
DA:3,45
DA:4,75
DA:5,48
DA:7,2
DA:10,2
DA:16,2
DA:21,1
LF:23
LH:9
end_of_record
TN:
SF:node_modules\@sinclair\typebox\build\esm\type\record\index.mjs
FNF:1
FNH:1
DA:1,28
LF:2
LH:1
end_of_record
TN:
SF:node_modules\@sinclair\typebox\build\esm\type\record\record.mjs
FNF:10
FNH:0
DA:1,43
DA:2,41
DA:3,41
DA:4,70
DA:5,77
DA:6,55
DA:7,48
DA:8,44
DA:12,47
DA:16,112
DA:27,2
DA:37,2
DA:43,2
DA:47,2
DA:51,2
DA:55,2
DA:60,2
DA:64,2
DA:68,2
DA:83,1
LF:85
LH:20
end_of_record
TN:
SF:node_modules\@sinclair\typebox\build\esm\type\recursive\index.mjs
FNF:1
FNH:1
DA:1,31
LF:2
LH:1
end_of_record
TN:
SF:node_modules\@sinclair\typebox\build\esm\type\recursive\recursive.mjs
FNF:1
FNH:0
DA:1,44
DA:2,47
DA:3,48
DA:5,15
DA:13,1
LF:15
LH:5
end_of_record
TN:
SF:node_modules\@sinclair\typebox\build\esm\type\ref\index.mjs
FNF:1
FNH:1
DA:1,25
LF:2
LH:1
end_of_record
TN:
SF:node_modules\@sinclair\typebox\build\esm\type\ref\ref.mjs
FNF:1
FNH:0
DA:1,42
DA:5,56
DA:16,1
LF:18
LH:3
end_of_record
TN:
SF:node_modules\@sinclair\typebox\build\esm\type\regexp\index.mjs
FNF:1
FNH:1
DA:1,28
LF:2
LH:1
end_of_record
TN:
SF:node_modules\@sinclair\typebox\build\esm\type\regexp\regexp.mjs
FNF:1
FNH:0
DA:1,44
DA:2,41
DA:6,1
LF:8
LH:3
end_of_record
TN:
SF:node_modules\@sinclair\typebox\build\esm\type\registry\format.mjs
FNF:6
FNH:2
DA:2,19
DA:5,1
DA:9,1
DA:13,1
DA:16,16
DA:17,24
DA:20,22
DA:21,25
DA:25,1
LF:27
LH:9
end_of_record
TN:
SF:node_modules\@sinclair\typebox\build\esm\type\registry\index.mjs
FNF:1
FNH:1
DA:1,47
DA:2,42
LF:3
LH:2
end_of_record
TN:
SF:node_modules\@sinclair\typebox\build\esm\type\registry\type.mjs
FNF:6
FNH:3
DA:2,19
DA:5,1
DA:9,1
DA:13,1
DA:16,14
DA:17,22
DA:20,20
DA:21,23
DA:24,14
DA:25,22
LF:27
LH:10
end_of_record
TN:
SF:node_modules\@sinclair\typebox\build\esm\type\required\index.mjs
FNF:1
FNH:1
DA:1,50
DA:2,30
LF:3
LH:2
end_of_record
TN:
SF:node_modules\@sinclair\typebox\build\esm\type\required\required-from-mapped-result.mjs
FNF:3
FNH:0
DA:1,49
DA:2,39
DA:8,2
DA:12,2
DA:17,1
LF:19
LH:5
end_of_record
TN:
SF:node_modules\@sinclair\typebox\build\esm\type\required\required.mjs
FNF:4
FNH:0
DA:1,49
DA:2,41
DA:3,43
DA:4,65
DA:5,44
DA:6,45
DA:7,75
DA:11,80
DA:14,2
DA:21,2
DA:31,2
DA:41,1
LF:44
LH:12
end_of_record
TN:
SF:node_modules\@sinclair\typebox\build\esm\type\rest\index.mjs
FNF:1
FNH:1
DA:1,26
LF:2
LH:1
end_of_record
TN:
SF:node_modules\@sinclair\typebox\build\esm\type\rest\rest.mjs
FNF:2
FNH:0
DA:1,44
DA:5,63
DA:11,2
DA:15,1
LF:17
LH:4
end_of_record
TN:
SF:node_modules\@sinclair\typebox\build\esm\type\return-type\index.mjs
FNF:1
FNH:1
DA:1,33
LF:2
LH:1
end_of_record
TN:
SF:node_modules\@sinclair\typebox\build\esm\type\return-type\return-type.mjs
FNF:1
FNH:0
DA:1,43
DA:4,1
LF:6
LH:2
end_of_record
TN:
SF:node_modules\@sinclair\typebox\build\esm\type\schema\anyschema.mjs
FNF:1
FNH:1
DA:1,9
LF:2
LH:1
end_of_record
TN:
SF:node_modules\@sinclair\typebox\build\esm\type\schema\index.mjs
FNF:1
FNH:1
DA:1,32
DA:2,28
LF:3
LH:2
end_of_record
TN:
SF:node_modules\@sinclair\typebox\build\esm\type\schema\schema.mjs
FNF:1
FNH:1
DA:1,75
LF:2
LH:1
end_of_record
TN:
SF:node_modules\@sinclair\typebox\build\esm\type\sets\index.mjs
FNF:1
FNH:1
DA:1,25
LF:2
LH:1
end_of_record
TN:
SF:node_modules\@sinclair\typebox\build\esm\type\sets\set.mjs
FNF:9
FNH:0
DA:4,1
DA:8,1
DA:12,1
DA:16,1
DA:20,1
DA:25,1
DA:31,2
DA:40,1
LF:49
LH:8
end_of_record
TN:
SF:node_modules\@sinclair\typebox\build\esm\type\static\index.mjs
FNF:1
FNH:1
DA:1,28
LF:2
LH:1
end_of_record
TN:
SF:node_modules\@sinclair\typebox\build\esm\type\static\static.mjs
FNF:1
FNH:1
DA:1,9
LF:2
LH:1
end_of_record
TN:
SF:node_modules\@sinclair\typebox\build\esm\type\strict\index.mjs
FNF:1
FNH:1
DA:1,28
LF:2
LH:1
end_of_record
TN:
SF:node_modules\@sinclair\typebox\build\esm\type\strict\strict.mjs
FNF:1
FNH:0
LF:5
LH:0
end_of_record
TN:
SF:node_modules\@sinclair\typebox\build\esm\type\string\index.mjs
FNF:1
FNH:1
DA:1,28
LF:2
LH:1
end_of_record
TN:
SF:node_modules\@sinclair\typebox\build\esm\type\string\string.mjs
FNF:1
FNH:1
DA:1,41
DA:3,22
DA:4,57
LF:6
LH:3
end_of_record
TN:
SF:node_modules\@sinclair\typebox\build\esm\type\symbol\index.mjs
FNF:1
FNH:1
DA:1,28
LF:2
LH:1
end_of_record
TN:
SF:node_modules\@sinclair\typebox\build\esm\type\symbol\symbol.mjs
FNF:1
FNH:0
DA:1,41
DA:4,1
LF:6
LH:2
end_of_record
TN:
SF:node_modules\@sinclair\typebox\build\esm\type\symbols\index.mjs
FNF:1
FNH:1
DA:1,29
LF:2
LH:1
end_of_record
TN:
SF:node_modules\@sinclair\typebox\build\esm\type\symbols\symbols.mjs
FNF:1
FNH:1
DA:2,61
DA:4,59
DA:6,59
DA:8,47
DA:10,46
LF:11
LH:5
end_of_record
TN:
SF:node_modules\@sinclair\typebox\build\esm\type\template-literal\finite.mjs
FNF:6
FNH:0
DA:1,54
DA:2,48
DA:6,62
DA:18,2
DA:27,2
DA:31,2
DA:43,1
DA:48,1
LF:50
LH:8
end_of_record
TN:
SF:node_modules\@sinclair\typebox\build\esm\type\template-literal\generate.mjs
FNF:7
FNH:0
DA:1,63
DA:2,54
DA:3,48
DA:7,64
DA:20,4
DA:33,1
DA:44,1
DA:52,1
LF:54
LH:8
end_of_record
TN:
SF:node_modules\@sinclair\typebox\build\esm\type\template-literal\index.mjs
FNF:1
FNH:1
DA:1,29
DA:2,31
DA:3,29
DA:4,28
DA:5,30
DA:6,28
DA:7,38
LF:8
LH:7
end_of_record
TN:
SF:node_modules\@sinclair\typebox\build\esm\type\template-literal\parse.mjs
FNF:14
FNH:0
DA:1,48
DA:5,62
DA:23,2
DA:29,2
DA:32,2
DA:35,2
DA:38,2
DA:55,2
DA:59,2
DA:72,2
DA:80,2
DA:105,2
DA:148,2
DA:159,1
DA:166,1
LF:168
LH:15
end_of_record
TN:
SF:node_modules\@sinclair\typebox\build\esm\type\template-literal\pattern.mjs
FNF:4
FNH:0
DA:1,83
DA:2,42
DA:3,48
DA:7,124
DA:11,63
DA:17,9
DA:29,2
DA:32,1
LF:34
LH:8
end_of_record
TN:
SF:node_modules\@sinclair\typebox\build\esm\type\template-literal\syntax.mjs
FNF:4
FNH:0
DA:1,45
DA:2,45
DA:3,43
DA:4,43
DA:5,43
DA:6,50
DA:7,40
DA:50,1
DA:54,1
LF:56
LH:9
end_of_record
TN:
SF:node_modules\@sinclair\typebox\build\esm\type\template-literal\template-literal.mjs
FNF:1
FNH:0
DA:1,51
DA:2,53
DA:3,44
DA:4,41
DA:11,1
LF:13
LH:5
end_of_record
TN:
SF:node_modules\@sinclair\typebox\build\esm\type\template-literal\union.mjs
FNF:1
FNH:0
DA:1,50
DA:2,45
DA:3,54
DA:8,1
LF:10
LH:4
end_of_record
TN:
SF:node_modules\@sinclair\typebox\build\esm\type\transform\index.mjs
FNF:1
FNH:1
DA:1,31
LF:2
LH:1
end_of_record
TN:
SF:node_modules\@sinclair\typebox\build\esm\type\transform\transform.mjs
FNF:7
FNH:0
DA:1,51
DA:2,44
DA:6,45
DA:10,37
DA:12,1
DA:15,1
DA:17,1
DA:19,37
DA:22,1
DA:28,1
DA:32,1
DA:36,1
DA:38,1
DA:41,1
LF:43
LH:14
end_of_record
TN:
SF:node_modules\@sinclair\typebox\build\esm\type\tuple\index.mjs
FNF:1
FNH:1
DA:1,27
LF:2
LH:1
end_of_record
TN:
SF:node_modules\@sinclair\typebox\build\esm\type\tuple\tuple.mjs
FNF:1
FNH:0
DA:1,44
DA:2,41
DA:10,1
LF:12
LH:3
end_of_record
TN:
SF:node_modules\@sinclair\typebox\build\esm\type\type\index.mjs
FNF:1
FNH:1
DA:4,45
DA:8,42
DA:9,55
DA:11,25
DA:12,33
DA:13,15
LF:14
LH:6
end_of_record
TN:
SF:node_modules\@sinclair\typebox\build\esm\type\type\javascript.mjs
FNF:18
FNH:0
DA:1,5
DA:2,58
DA:3,45
DA:4,43
DA:5,53
DA:6,74
DA:7,39
DA:8,63
DA:9,56
DA:10,47
DA:11,51
DA:12,45
DA:13,43
DA:14,52
DA:15,43
DA:16,51
DA:17,49
DA:18,39
DA:20,60
DA:23,1
DA:27,1
DA:31,1
DA:35,1
DA:39,1
DA:43,1
DA:47,1
DA:51,1
DA:55,1
DA:59,1
DA:63,1
DA:67,1
DA:71,1
DA:75,1
DA:79,1
DA:83,1
DA:87,1
LF:90
LH:36
end_of_record
TN:
SF:node_modules\@sinclair\typebox\build\esm\type\type\json.mjs
FNF:45
FNH:0
DA:1,37
DA:2,41
DA:3,45
DA:4,49
DA:5,41
DA:6,41
DA:7,39
DA:8,45
DA:9,45
DA:10,45
DA:11,43
DA:12,45
DA:13,49
DA:14,86
DA:15,41
DA:16,45
DA:17,43
DA:18,41
DA:19,37
DA:20,39
DA:21,43
DA:22,43
DA:23,39
DA:24,47
DA:25,45
DA:26,39
DA:27,47
DA:28,64
DA:29,43
DA:30,49
DA:31,37
DA:32,47
DA:33,39
DA:34,43
DA:35,43
DA:36,62
DA:37,49
DA:38,41
DA:39,41
DA:40,45
DA:41,42
DA:43,15
DA:49,1
DA:56,1
DA:60,1
DA:64,1
DA:71,1
DA:75,1
DA:79,1
DA:83,1
DA:87,1
DA:91,1
DA:95,1
DA:99,1
DA:103,1
DA:107,1
DA:111,1
DA:115,1
DA:119,1
DA:123,1
DA:127,1
DA:131,1
DA:135,1
DA:139,1
DA:143,1
DA:147,1
DA:151,1
DA:155,1
DA:159,1
DA:163,1
DA:167,1
DA:171,1
DA:175,1
DA:179,1
DA:183,1
DA:187,1
DA:191,1
DA:195,1
DA:199,1
DA:203,1
DA:207,1
DA:211,1
DA:215,1
DA:219,1
DA:223,1
DA:227,1
DA:229,1
LF:230
LH:87
end_of_record
TN:
SF:node_modules\@sinclair\typebox\build\esm\type\type\type.mjs
FNF:1
FNH:1
DA:4,39
DA:5,43
DA:6,60
DA:7,47
DA:8,45
DA:9,47
DA:10,51
DA:11,43
DA:12,55
DA:13,76
DA:14,41
DA:15,43
DA:16,41
DA:17,47
DA:18,47
DA:19,47
DA:20,49
DA:21,45
DA:22,58
DA:23,47
DA:24,51
DA:25,88
DA:26,49
DA:27,43
DA:28,47
DA:29,45
DA:30,43
DA:31,39
DA:32,41
DA:33,45
DA:34,45
DA:35,41
DA:36,49
DA:37,53
DA:38,47
DA:39,41
DA:40,47
DA:41,49
DA:42,66
DA:43,45
DA:44,51
DA:45,39
DA:46,45
DA:47,49
DA:48,41
DA:49,54
DA:50,45
DA:51,45
DA:52,45
DA:53,64
DA:54,51
DA:55,43
DA:56,53
DA:57,51
DA:58,43
DA:59,47
DA:60,45
DA:61,40
LF:62
LH:58
end_of_record
TN:
SF:node_modules\@sinclair\typebox\build\esm\type\uint8array\index.mjs
FNF:1
FNH:1
DA:1,32
LF:2
LH:1
end_of_record
TN:
SF:node_modules\@sinclair\typebox\build\esm\type\uint8array\uint8array.mjs
FNF:1
FNH:0
DA:1,41
DA:4,1
LF:6
LH:2
end_of_record
TN:
SF:node_modules\@sinclair\typebox\build\esm\type\undefined\index.mjs
FNF:1
FNH:1
DA:1,31
LF:2
LH:1
end_of_record
TN:
SF:node_modules\@sinclair\typebox\build\esm\type\undefined\undefined.mjs
FNF:1
FNH:0
DA:1,41
DA:4,1
LF:6
LH:2
end_of_record
TN:
SF:node_modules\@sinclair\typebox\build\esm\type\union\index.mjs
FNF:1
FNH:1
DA:1,38
DA:2,33
DA:3,27
LF:4
LH:3
end_of_record
TN:
SF:node_modules\@sinclair\typebox\build\esm\type\union\union-create.mjs
FNF:1
FNH:1
DA:1,44
DA:2,41
DA:3,20
DA:4,61
LF:6
LH:4
end_of_record
TN:
SF:node_modules\@sinclair\typebox\build\esm\type\union\union-evaluated.mjs
FNF:5
FNH:0
DA:1,50
DA:2,44
DA:3,45
DA:4,41
DA:5,47
DA:6,47
DA:10,44
DA:13,2
DA:17,2
DA:21,2
DA:27,2
DA:34,1
LF:36
LH:12
end_of_record
TN:
SF:node_modules\@sinclair\typebox\build\esm\type\union\union-type.mjs
FNF:1
FNH:1
DA:1,41
LF:2
LH:1
end_of_record
TN:
SF:node_modules\@sinclair\typebox\build\esm\type\union\union.mjs
FNF:1
FNH:1
DA:1,41
DA:2,44
DA:3,46
DA:5,25
DA:7,26
DA:8,18
DA:9,24
LF:11
LH:7
end_of_record
TN:
SF:node_modules\@sinclair\typebox\build\esm\type\unknown\index.mjs
FNF:1
FNH:1
DA:1,29
LF:2
LH:1
end_of_record
TN:
SF:node_modules\@sinclair\typebox\build\esm\type\unknown\unknown.mjs
FNF:1
FNH:1
DA:1,41
DA:3,22
DA:4,16
DA:5,13
DA:6,18
DA:7,2
LF:9
LH:6
end_of_record
TN:
SF:node_modules\@sinclair\typebox\build\esm\type\unsafe\index.mjs
FNF:1
FNH:1
DA:1,28
LF:2
LH:1
end_of_record
TN:
SF:node_modules\@sinclair\typebox\build\esm\type\unsafe\unsafe.mjs
FNF:1
FNH:0
DA:1,41
DA:7,1
LF:9
LH:2
end_of_record
TN:
SF:node_modules\@sinclair\typebox\build\esm\type\void\index.mjs
FNF:1
FNH:1
DA:1,26
LF:2
LH:1
end_of_record
TN:
SF:node_modules\@sinclair\typebox\build\esm\type\void\void.mjs
FNF:1
FNH:0
DA:1,41
DA:8,1
LF:10
LH:2
end_of_record
TN:
SF:node_modules\@sinclair\typebox\build\esm\value\cast\cast.mjs
FNF:18
FNH:0
DA:1,89
DA:2,56
DA:3,50
DA:4,43
DA:5,41
DA:6,41
DA:7,41
DA:11,50
DA:14,1
DA:39,2
DA:52,2
DA:60,2
DA:67,2
DA:70,2
DA:87,2
DA:99,2
DA:104,2
DA:107,2
DA:130,2
DA:143,2
DA:146,2
DA:149,2
DA:158,2
DA:161,2
DA:201,2
DA:206,1
LF:208
LH:26
end_of_record
TN:
SF:node_modules\@sinclair\typebox\build\esm\value\cast\index.mjs
FNF:1
FNH:1
DA:1,26
LF:2
LH:1
end_of_record
TN:
SF:node_modules\@sinclair\typebox\build\esm\value\check\check.mjs
FNF:37
FNH:0
DA:1,56
DA:2,41
DA:3,39
DA:4,50
DA:5,56
DA:6,67
DA:7,75
DA:8,56
DA:9,49
DA:13,200
DA:17,51
DA:21,62
DA:24,1
DA:31,2
DA:37,2
DA:43,2
DA:84,2
DA:87,2
DA:107,2
DA:110,2
DA:113,2
DA:133,2
DA:136,2
DA:157,2
DA:172,2
DA:176,2
DA:179,2
DA:182,2
DA:185,2
DA:188,2
DA:208,2
DA:251,2
DA:255,2
DA:282,2
DA:285,2
DA:297,2
DA:322,2
DA:325,2
DA:328,2
DA:331,2
DA:350,2
DA:353,2
DA:356,2
DA:368,2
DA:371,2
DA:374,2
DA:380,2
DA:451,2
DA:456,1
LF:458
LH:49
end_of_record
TN:
SF:node_modules\@sinclair\typebox\build\esm\value\check\index.mjs
FNF:1
FNH:1
DA:1,27
LF:2
LH:1
end_of_record
TN:
SF:node_modules\@sinclair\typebox\build\esm\value\clean\clean.mjs
FNF:11
FNH:0
DA:1,61
DA:2,41
DA:3,41
DA:4,41
DA:5,50
DA:10,76
DA:15,50
DA:20,2
DA:28,2
DA:44,2
DA:61,2
DA:81,2
DA:84,2
DA:87,2
DA:101,2
DA:109,2
DA:132,2
DA:137,1
LF:139
LH:18
end_of_record
TN:
SF:node_modules\@sinclair\typebox\build\esm\value\clean\index.mjs
FNF:1
FNH:1
DA:1,27
LF:2
LH:1
end_of_record
TN:
SF:node_modules\@sinclair\typebox\build\esm\value\clone\clone.mjs
FNF:6
FNH:0
DA:4,95
DA:16,2
DA:19,2
DA:22,2
DA:25,2
DA:28,2
DA:45,1
LF:47
LH:7
end_of_record
TN:
SF:node_modules\@sinclair\typebox\build\esm\value\clone\index.mjs
FNF:1
FNH:1
DA:1,27
LF:2
LH:1
end_of_record
TN:
SF:node_modules\@sinclair\typebox\build\esm\value\convert\convert.mjs
FNF:42
FNH:0
DA:1,41
DA:2,41
DA:3,41
DA:4,50
DA:8,140
DA:13,2
DA:16,2
DA:19,2
DA:22,2
DA:25,2
DA:28,2
DA:31,2
DA:34,2
DA:37,2
DA:44,2
DA:48,2
DA:52,2
DA:59,2
DA:62,2
DA:65,2
DA:68,2
DA:71,2
DA:74,2
DA:77,2
DA:80,2
DA:101,2
DA:107,2
DA:114,2
DA:117,2
DA:120,2
DA:123,2
DA:126,2
DA:129,2
DA:132,2
DA:135,2
DA:138,2
DA:151,2
DA:160,2
DA:163,2
DA:166,2
DA:169,2
DA:172,2
DA:183,2
DA:186,2
DA:195,2
DA:238,2
DA:246,1
LF:248
LH:47
end_of_record
TN:
SF:node_modules\@sinclair\typebox\build\esm\value\convert\index.mjs
FNF:1
FNH:1
DA:1,29
LF:2
LH:1
end_of_record
TN:
SF:node_modules\@sinclair\typebox\build\esm\value\create\create.mjs
FNF:36
FNH:0
DA:1,60
DA:2,41
DA:3,41
DA:4,41
DA:5,103
DA:6,85
DA:7,59
DA:8,50
DA:9,56
DA:13,52
DA:16,1
DA:18,1
DA:23,2
DA:33,2
DA:52,2
DA:60,2
DA:68,2
DA:76,2
DA:97,2
DA:109,2
DA:117,2
DA:128,2
DA:149,2
DA:157,2
DA:165,2
DA:173,2
DA:181,2
DA:189,2
DA:200,2
DA:215,2
DA:223,2
DA:239,2
DA:247,2
DA:255,2
DA:284,2
DA:296,2
DA:306,2
DA:315,2
DA:326,2
DA:334,2
DA:345,2
DA:356,2
DA:364,2
DA:372,2
DA:380,2
DA:452,2
DA:458,30
DA:459,22
DA:463,1
LF:465
LH:49
end_of_record
TN:
SF:node_modules\@sinclair\typebox\build\esm\value\create\index.mjs
FNF:1
FNH:1
DA:1,28
LF:2
LH:1
end_of_record
TN:
SF:node_modules\@sinclair\typebox\build\esm\value\default\default.mjs
FNF:13
FNH:0
DA:1,41
DA:2,41
DA:3,41
DA:4,50
DA:8,76
DA:12,50
DA:17,2
DA:23,2
DA:29,2
DA:41,2
DA:48,2
DA:71,2
DA:95,2
DA:98,2
DA:101,2
DA:112,2
DA:122,2
DA:145,2
DA:150,1
LF:152
LH:19
end_of_record
TN:
SF:node_modules\@sinclair\typebox\build\esm\value\default\index.mjs
FNF:1
FNH:1
DA:1,29
LF:2
LH:1
end_of_record
TN:
SF:node_modules\@sinclair\typebox\build\esm\value\delta\delta.mjs
FNF:14
FNH:0
DA:1,111
DA:2,50
DA:3,41
DA:4,56
DA:5,53
DA:6,51
DA:7,51
DA:8,53
DA:9,49
DA:10,31
DA:11,26
DA:12,17
DA:13,17
DA:14,3
DA:15,31
DA:16,26
DA:17,17
DA:18,17
DA:19,3
DA:20,31
DA:21,26
DA:22,15
DA:23,3
DA:24,52
DA:28,51
DA:31,1
DA:33,1
DA:34,60
DA:37,1
DA:44,2
DA:47,2
DA:50,1
DA:124,1
DA:130,1
DA:136,2
DA:139,2
DA:165,1
LF:167
LH:37
end_of_record
TN:
SF:node_modules\@sinclair\typebox\build\esm\value\delta\index.mjs
FNF:1
FNH:1
DA:1,27
LF:2
LH:1
end_of_record
TN:
SF:node_modules\@sinclair\typebox\build\esm\value\deref\deref.mjs
FNF:3
FNH:0
DA:1,56
DA:2,50
DA:3,56
DA:6,1
DA:13,2
DA:20,1
LF:22
LH:6
end_of_record
TN:
SF:node_modules\@sinclair\typebox\build\esm\value\deref\index.mjs
FNF:1
FNH:1
DA:1,27
LF:2
LH:1
end_of_record
TN:
SF:node_modules\@sinclair\typebox\build\esm\value\equal\equal.mjs
FNF:6
FNH:0
DA:1,95
DA:12,2
DA:15,2
DA:20,2
DA:25,2
DA:28,2
DA:45,1
LF:47
LH:7
end_of_record
TN:
SF:node_modules\@sinclair\typebox\build\esm\value\equal\index.mjs
FNF:1
FNH:1
DA:1,27
LF:2
LH:1
end_of_record
TN:
SF:node_modules\@sinclair\typebox\build\esm\value\guard\guard.mjs
FNF:34
FNH:0
DA:6,1
DA:10,1
DA:17,1
DA:21,1
DA:28,1
DA:32,1
DA:36,1
DA:40,1
DA:44,1
DA:48,1
DA:52,1
DA:56,1
DA:60,1
DA:64,1
DA:68,1
DA:72,1
DA:76,1
DA:80,1
DA:84,1
DA:88,1
DA:92,1
DA:99,1
DA:103,1
DA:107,1
DA:111,1
DA:115,1
DA:119,1
DA:123,1
DA:127,1
DA:131,1
DA:135,1
DA:139,1
DA:143,1
LF:156
LH:33
end_of_record
TN:
SF:node_modules\@sinclair\typebox\build\esm\value\guard\index.mjs
FNF:1
FNH:1
DA:1,27
LF:2
LH:1
end_of_record
TN:
SF:node_modules\@sinclair\typebox\build\esm\value\hash\hash.mjs
FNF:18
FNH:2
DA:1,155
DA:2,56
DA:6,50
DA:9,1
DA:11,1
DA:15,15
DA:16,15
DA:17,56
DA:18,46
DA:19,52
DA:20,50
DA:21,50
DA:22,50
DA:23,48
DA:24,46
DA:25,58
DA:26,50
DA:27,53
DA:28,34
DA:32,49
DA:33,77
DA:34,65
DA:35,32
DA:36,39
DA:37,41
DA:45,1
DA:54,2
DA:58,2
DA:65,2
DA:69,2
DA:72,2
DA:79,2
DA:86,2
DA:94,2
DA:98,2
DA:104,2
DA:107,2
DA:132,2
DA:136,2
DA:145,1
LF:147
LH:40
end_of_record
TN:
SF:node_modules\@sinclair\typebox\build\esm\value\hash\index.mjs
FNF:1
FNH:1
DA:1,26
LF:2
LH:1
end_of_record
TN:
SF:node_modules\@sinclair\typebox\build\esm\value\index.mjs
FNF:1
FNH:1
DA:4,73
DA:8,34
DA:12,33
DA:13,34
DA:14,34
DA:15,34
DA:16,36
DA:17,35
DA:18,36
DA:19,34
DA:20,34
DA:21,33
DA:22,35
DA:23,36
DA:24,38
DA:28,41
LF:29
LH:16
end_of_record
TN:
SF:node_modules\@sinclair\typebox\build\esm\value\mutate\index.mjs
FNF:1
FNH:1
DA:1,28
LF:2
LH:1
end_of_record
TN:
SF:node_modules\@sinclair\typebox\build\esm\value\mutate\mutate.mjs
FNF:9
FNH:0
DA:1,88
DA:2,50
DA:3,41
DA:4,56
DA:8,52
DA:10,1
DA:32,2
DA:43,2
DA:53,2
DA:59,2
DA:69,2
DA:75,2
DA:80,2
DA:91,1
LF:93
LH:14
end_of_record
TN:
SF:node_modules\@sinclair\typebox\build\esm\value\pointer\index.mjs
FNF:1
FNH:1
DA:1,45
LF:2
LH:1
end_of_record
TN:
SF:node_modules\@sinclair\typebox\build\esm\value\pointer\pointer.mjs
FNF:8
FNH:0
DA:1,56
DA:5,60
DA:10,1
DA:12,1
DA:13,63
DA:17,1
DA:26,2
DA:50,1
DA:65,1
DA:85,1
DA:101,1
DA:114,1
LF:116
LH:12
end_of_record
TN:
SF:node_modules\@sinclair\typebox\build\esm\value\transform\decode.mjs
FNF:14
FNH:0
DA:1,65
DA:2,56
DA:3,83
DA:4,41
DA:5,41
DA:9,74
DA:13,64
DA:19,61
DA:24,1
DA:26,1
DA:28,56
DA:34,1
DA:46,2
DA:53,2
DA:76,2
DA:79,2
DA:101,2
DA:124,2
DA:129,2
DA:134,2
DA:140,2
DA:151,2
DA:179,2
DA:188,1
LF:190
LH:24
end_of_record
TN:
SF:node_modules\@sinclair\typebox\build\esm\value\transform\encode.mjs
FNF:14
FNH:0
DA:1,65
DA:2,56
DA:3,83
DA:4,41
DA:5,41
DA:9,74
DA:13,64
DA:18,61
DA:23,1
DA:25,1
DA:27,56
DA:33,1
DA:45,2
DA:53,2
DA:77,2
DA:81,2
DA:104,2
DA:128,2
DA:134,2
DA:140,2
DA:145,2
DA:163,2
DA:189,2
DA:199,1
LF:201
LH:24
end_of_record
TN:
SF:node_modules\@sinclair\typebox\build\esm\value\transform\has.mjs
FNF:16
FNH:0
DA:1,41
DA:2,50
DA:6,64
DA:10,57
DA:13,2
DA:17,2
DA:21,2
DA:25,2
DA:29,2
DA:33,2
DA:37,2
DA:43,2
DA:47,2
DA:53,2
DA:59,2
DA:65,2
DA:69,2
DA:73,2
DA:113,2
DA:116,23
DA:120,1
LF:122
LH:21
end_of_record
TN:
SF:node_modules\@sinclair\typebox\build\esm\value\transform\index.mjs
FNF:1
FNH:1
DA:1,29
DA:2,29
DA:3,25
LF:4
LH:3
end_of_record
TN:
SF:node_modules\@sinclair\typebox\build\esm\value\value\index.mjs
FNF:1
FNH:1
DA:1,36
LF:2
LH:1
end_of_record
TN:
SF:node_modules\@sinclair\typebox\build\esm\value\value\value.mjs
FNF:15
FNH:0
DA:1,140
DA:2,58
DA:3,52
DA:4,55
DA:5,52
DA:6,55
DA:7,61
DA:8,58
DA:9,55
DA:10,55
DA:11,61
DA:12,74
DA:13,60
DA:16,1
DA:20,1
DA:24,1
DA:28,1
DA:32,1
DA:36,1
DA:43,1
DA:47,1
DA:55,1
DA:59,1
DA:63,1
DA:67,1
DA:71,1
DA:75,1
DA:79,1
LF:81
LH:28
end_of_record
TN:
SF:node_modules\effect\dist\esm\Array.js
FNF:111
FNH:14
DA:6,33
DA:7,36
DA:8,48
DA:9,45
DA:10,53
DA:11,55
DA:12,48
DA:13,33
DA:14,36
DA:15,41
DA:16,38
DA:17,36
DA:30,20
DA:43,24
DA:57,32
DA:58,41
DA:59,29
DA:60,31
DA:61,19
DA:62,1
DA:63,13
DA:76,21
DA:90,34
DA:106,105
DA:120,22
DA:135,43
DA:148,36
DA:168,3
DA:188,3
DA:208,3
DA:222,32
DA:238,35
DA:252,31
DA:260,94
DA:290,3
DA:314,3
DA:329,37
DA:344,28
DA:359,49
DA:376,61
DA:393,69
DA:400,22
DA:401,54
DA:402,14
DA:412,3
DA:419,50
DA:420,30
DA:421,27
DA:423,1
DA:424,15
DA:425,3
DA:438,25
DA:451,24
DA:458,27
DA:471,41
DA:478,20
DA:491,28
DA:500,2
DA:514,50
DA:523,2
DA:537,28
DA:556,3
DA:576,3
DA:607,3
DA:616,2
DA:627,29
DA:646,3
DA:665,3
DA:679,34
DA:702,3
DA:724,3
DA:739,50
DA:770,3
DA:792,3
DA:806,32
DA:819,38
DA:833,31
DA:859,3
DA:883,3
DA:897,23
DA:909,3
DA:930,33
DA:970,2
DA:989,28
DA:1017,3
DA:1040,2
DA:1069,3
DA:1081,43
DA:1093,40
DA:1105,43
DA:1117,40
DA:1147,3
DA:1170,2
DA:1171,41
DA:1185,51
DA:1219,3
DA:1244,3
DA:1261,3
DA:1278,3
DA:1293,35
DA:1306,20
DA:1340,3
DA:1366,3
DA:1379,52
DA:1412,3
DA:1437,3
DA:1451,30
DA:1467,50
DA:1468,41
DA:1469,18
DA:1485,59
DA:1500,48
DA:1501,41
DA:1502,18
DA:1518,55
DA:1523,28
DA:1530,27
DA:1535,28
DA:1554,3
DA:1571,41
DA:1598,3
DA:1629,3
DA:1666,3
DA:1681,44
DA:1703,2
DA:1726,2
DA:1741,3
DA:1760,3
DA:1774,47
DA:1788,31
DA:1802,36
DA:1817,29
DA:1822,26
DA:1827,28
DA:1832,28
DA:1851,40
DA:1881,2
DA:1889,30
DA:1896,29
DA:1915,31
DA:1927,28
DA:1939,28
DA:1953,2
DA:1964,36
DA:1979,48
DA:1991,32
DA:2005,58
DA:2006,35
DA:2007,38
DA:2008,38
DA:2009,37
DA:2010,26
DA:2011,47
DA:2012,25
DA:2013,4
DA:2014,1
DA:2015,13
DA:2018,3
DA:2025,68
DA:2048,3
DA:2061,70
DA:2075,29
DA:2100,3
DA:2115,38
DA:2130,34
DA:2177,25
DA:2221,50
DA:2265,45
DA:2266,34
DA:2267,17
DA:2311,5
LF:2312
LH:171
end_of_record
TN:
SF:node_modules\effect\dist\esm\BigDecimal.js
FNF:36
FNH:2
DA:16,36
DA:17,48
DA:18,41
DA:19,34
DA:20,51
DA:21,38
DA:22,36
DA:23,44
DA:24,43
DA:25,30
DA:30,54
DA:31,27
DA:38,2
DA:41,2
DA:51,2
DA:54,1
DA:56,2
DA:65,28
DA:75,38
DA:76,43
DA:77,18
DA:78,18
DA:79,11
DA:86,54
DA:87,55
DA:89,1
DA:90,31
DA:91,19
DA:92,11
DA:94,26
DA:95,26
DA:96,28
DA:97,46
DA:134,2
DA:155,2
DA:185,3
DA:205,3
DA:234,3
DA:272,2
DA:285,2
DA:320,3
DA:353,3
DA:370,3
DA:387,46
DA:404,64
DA:421,52
DA:438,70
DA:461,44
DA:488,40
DA:503,36
DA:518,36
DA:534,20
DA:550,19
DA:565,22
DA:590,3
DA:615,3
DA:628,3
DA:635,31
DA:644,26
DA:664,2
DA:701,2
DA:718,32
DA:754,2
DA:771,30
DA:787,25
DA:802,22
DA:818,26
DA:834,25
LF:835
LH:68
end_of_record
TN:
SF:node_modules\effect\dist\esm\BigInt.js
FNF:18
FNH:0
DA:8,48
DA:9,35
DA:10,38
DA:11,36
DA:12,44
DA:13,26
DA:14,26
DA:15,26
DA:30,43
DA:45,28
DA:60,33
DA:75,33
DA:96,31
DA:117,37
DA:131,25
DA:145,25
DA:150,46
DA:155,34
DA:172,46
DA:189,64
DA:206,52
DA:223,70
DA:243,44
DA:266,40
DA:280,36
DA:294,36
DA:310,20
DA:326,19
DA:350,3
DA:367,28
DA:394,2
DA:412,20
DA:431,2
DA:454,2
DA:479,2
DA:503,2
DA:532,1
LF:535
LH:37
end_of_record
TN:
SF:node_modules\effect\dist\esm\Boolean.js
FNF:11
FNH:0
DA:8,48
DA:9,35
DA:10,36
DA:11,44
DA:26,45
DA:43,30
DA:48,47
DA:53,35
DA:66,19
DA:81,28
DA:96,29
DA:111,27
DA:126,28
DA:141,28
DA:156,28
DA:171,32
DA:191,2
DA:212,1
LF:214
LH:18
end_of_record
TN:
SF:node_modules\effect\dist\esm\Brand.js
FNF:5
FNH:0
DA:19,34
DA:20,38
DA:21,39
DA:22,38
DA:27,54
DA:32,76
DA:42,2
DA:49,22
DA:62,1
DA:89,2
DA:141,1
LF:143
LH:11
end_of_record
TN:
SF:node_modules\effect\dist\esm\Cache.js
FNF:1
FNH:1
DA:1,48
DA:6,48
DA:11,64
DA:19,34
DA:28,42
DA:35,54
DA:42,53
LF:43
LH:7
end_of_record
TN:
SF:node_modules\effect\dist\esm\Cause.js
FNF:1
FNH:1
DA:1,48
DA:2,43
DA:7,48
DA:12,66
DA:17,74
DA:22,82
DA:27,78
DA:32,94
DA:37,84
DA:42,66
DA:47,66
DA:54,50
DA:61,36
DA:68,34
DA:75,32
DA:82,44
DA:90,42
DA:98,46
DA:105,40
DA:113,48
DA:121,46
DA:129,44
DA:137,56
DA:145,58
DA:153,54
DA:161,34
DA:168,40
DA:175,44
DA:182,36
DA:190,52
DA:198,60
DA:206,42
DA:213,40
DA:221,50
DA:229,52
DA:238,54
DA:246,56
DA:254,44
DA:262,56
DA:270,48
DA:278,44
DA:286,52
DA:295,58
DA:300,30
DA:305,32
DA:310,40
DA:317,40
DA:322,40
DA:330,42
DA:338,39
DA:347,47
DA:355,34
DA:362,38
DA:369,36
DA:377,38
DA:385,60
DA:392,62
DA:400,66
DA:408,70
DA:416,74
DA:424,66
DA:432,70
DA:439,54
DA:447,58
DA:455,54
DA:463,54
DA:471,58
DA:479,72
DA:487,76
DA:494,38
DA:501,50
DA:508,50
LF:509
LH:72
end_of_record
TN:
SF:node_modules\effect\dist\esm\Channel.js
FNF:1
FNH:1
DA:1,49
DA:2,50
DA:3,43
DA:4,47
DA:9,48
DA:14,69
DA:19,40
DA:24,59
DA:29,56
DA:40,29
DA:45,37
DA:54,37
DA:59,47
DA:68,41
DA:77,48
DA:84,40
DA:91,48
DA:101,43
DA:113,48
DA:125,60
DA:133,39
DA:142,43
DA:150,41
DA:158,53
DA:166,51
DA:174,63
DA:182,45
DA:190,57
DA:203,47
DA:211,35
DA:219,42
DA:227,47
DA:236,41
DA:245,46
DA:252,39
DA:259,47
DA:266,61
DA:273,59
DA:280,30
DA:288,38
DA:295,40
DA:303,48
DA:314,36
DA:323,39
DA:330,47
DA:337,54
DA:344,42
DA:351,45
DA:358,43
DA:365,45
DA:372,57
DA:379,45
DA:386,43
DA:391,48
DA:404,51
DA:416,67
DA:425,31
DA:434,43
DA:443,41
DA:451,51
DA:458,37
DA:466,49
DA:475,55
DA:480,41
DA:485,59
DA:490,67
DA:495,49
DA:507,41
DA:515,41
DA:525,49
DA:535,43
DA:542,35
DA:550,35
DA:558,43
DA:567,37
DA:577,34
DA:586,49
DA:594,50
DA:601,49
DA:609,55
DA:617,57
DA:625,53
DA:630,33
DA:635,42
DA:640,38
DA:645,48
DA:652,41
DA:659,31
DA:669,45
DA:676,41
DA:683,37
DA:691,45
DA:698,36
DA:705,36
DA:712,30
DA:719,41
DA:729,37
DA:736,39
DA:742,41
DA:749,47
DA:750,24
DA:751,18
DA:756,7
DA:763,37
DA:770,49
DA:777,51
DA:784,41
DA:791,32
DA:798,41
DA:805,45
DA:814,31
DA:823,39
DA:832,41
DA:840,57
DA:848,60
LF:849
LH:115
end_of_record
TN:
SF:node_modules\effect\dist\esm\ChildExecutorDecision.js
FNF:1
FNH:1
DA:4,72
DA:9,80
DA:14,42
DA:19,36
DA:24,36
DA:32,72
DA:40,46
DA:48,40
DA:56,40
DA:63,35
LF:64
LH:10
end_of_record
TN:
SF:node_modules\effect\dist\esm\Chunk.js
FNF:79
FNH:11
DA:4,33
DA:5,36
DA:6,48
DA:7,51
DA:8,34
DA:9,67
DA:10,33
DA:11,36
DA:12,44
DA:13,43
DA:14,42
DA:19,2
DA:21,22
DA:28,64
DA:29,50
DA:30,22
DA:31,14
DA:32,5
DA:33,3
DA:35,2
DA:50,2
DA:52,5
DA:53,41
DA:54,10
DA:55,2
DA:56,51
DA:61,9
DA:63,2
DA:64,54
DA:65,2
DA:69,1
DA:71,2
DA:72,31
DA:73,42
DA:74,26
DA:75,32
DA:76,10
DA:77,2
DA:78,23
DA:79,22
DA:80,25
DA:81,26
DA:82,10
DA:91,5
DA:92,10
DA:93,2
DA:94,42
DA:95,22
DA:96,26
DA:97,27
DA:98,10
DA:99,5
DA:100,14
DA:101,2
DA:102,23
DA:103,22
DA:104,26
DA:105,27
DA:106,10
DA:115,1
DA:117,15
DA:125,51
DA:126,27
DA:127,15
DA:128,3
DA:133,32
DA:140,20
DA:147,36
DA:148,21
DA:149,2
DA:150,2
DA:157,66
DA:158,17
DA:159,29
DA:160,3
DA:161,46
DA:162,32
DA:173,5
DA:174,14
DA:175,2
DA:176,38
DA:177,10
DA:189,3
DA:192,17
DA:201,32
DA:202,35
DA:203,32
DA:211,9
DA:213,2
DA:214,41
DA:215,32
DA:216,29
DA:217,23
DA:218,16
DA:219,3
DA:220,25
DA:221,26
DA:222,21
DA:223,15
DA:224,2
DA:235,48
DA:257,2
DA:274,36
DA:281,28
DA:288,52
DA:289,17
DA:290,12
DA:291,2
DA:298,39
DA:334,3
DA:341,31
DA:348,32
DA:392,3
DA:436,3
DA:442,34
DA:456,3
DA:472,35
DA:571,3
DA:578,34
DA:585,31
DA:592,39
DA:599,23
DA:616,3
DA:623,32
DA:630,41
DA:651,3
DA:660,37
DA:667,49
DA:674,26
DA:681,27
DA:690,26
DA:697,39
DA:704,20
DA:713,26
DA:720,39
DA:736,28
DA:746,3
DA:753,34
DA:760,37
DA:767,24
DA:774,20
DA:781,29
DA:786,33
DA:793,32
DA:804,3
DA:811,30
DA:829,3
DA:836,20
DA:843,28
DA:850,34
DA:867,3
DA:874,30
DA:881,22
DA:888,30
DA:899,2
DA:907,32
DA:914,28
DA:921,31
DA:925,37
DA:932,31
DA:939,32
DA:943,38
DA:952,31
DA:959,21
DA:969,36
DA:976,44
DA:984,38
DA:991,48
DA:998,36
DA:1005,46
DA:1012,30
DA:1019,29
DA:1026,28
DA:1031,32
DA:1036,42
DA:1044,2
DA:1052,34
LF:1053
LH:177
end_of_record
TN:
SF:node_modules\effect\dist\esm\Clock.js
FNF:1
FNH:1
DA:1,48
DA:2,65
DA:7,48
DA:12,34
DA:17,43
DA:22,67
DA:27,65
DA:32,51
DA:37,38
LF:38
LH:9
end_of_record
TN:
SF:node_modules\effect\dist\esm\Config.js
FNF:1
FNH:1
DA:1,49
DA:6,50
DA:13,32
DA:20,36
DA:27,40
DA:34,36
DA:41,34
DA:48,34
DA:55,38
DA:62,40
DA:74,40
DA:81,42
DA:88,42
DA:106,42
DA:114,32
DA:123,46
DA:132,44
DA:140,38
DA:149,38
DA:158,42
DA:166,38
DA:173,44
DA:181,38
DA:189,38
DA:196,42
DA:203,40
DA:210,38
DA:217,40
DA:224,40
DA:231,34
DA:238,40
DA:255,38
DA:263,42
DA:271,48
DA:278,56
DA:286,32
DA:294,39
LF:295
LH:37
end_of_record
TN:
SF:node_modules\effect\dist\esm\ConfigError.js
FNF:1
FNH:1
DA:1,54
DA:6,60
DA:11,32
DA:16,30
DA:21,48
DA:26,48
DA:31,60
DA:36,48
DA:43,52
DA:50,36
DA:57,34
DA:65,52
DA:73,52
DA:80,60
DA:88,64
DA:96,52
DA:101,42
DA:106,59
LF:107
LH:18
end_of_record
TN:
SF:node_modules\effect\dist\esm\ConfigProvider.js
FNF:1
FNH:1
DA:1,57
DA:6,66
DA:11,74
DA:18,57
DA:25,34
DA:32,42
DA:40,40
DA:48,42
DA:55,42
DA:63,40
DA:73,50
DA:83,50
DA:93,44
DA:103,44
DA:113,38
DA:122,38
DA:132,42
DA:142,44
DA:152,44
DA:160,37
LF:161
LH:20
end_of_record
TN:
SF:node_modules\effect\dist\esm\ConfigProviderPathPatch.js
FNF:1
FNH:1
DA:4,67
DA:9,36
DA:14,40
DA:19,40
DA:24,38
DA:29,41
LF:30
LH:6
end_of_record
TN:
SF:node_modules\effect\dist\esm\Console.js
FNF:1
FNH:1
DA:1,50
DA:2,72
DA:7,44
DA:12,49
DA:17,48
DA:22,46
DA:27,48
DA:32,38
DA:37,36
DA:42,36
DA:47,46
DA:52,36
DA:57,32
DA:62,38
DA:67,36
DA:72,36
DA:77,34
DA:82,32
DA:87,36
DA:92,34
DA:97,40
DA:102,36
DA:107,34
DA:112,44
DA:117,41
LF:118
LH:25
end_of_record
TN:
SF:node_modules\effect\dist\esm\Context.js
FNF:1
FNH:1
DA:1,50
DA:2,37
DA:16,50
DA:17,31
DA:22,47
DA:36,44
DA:50,36
DA:62,36
DA:78,34
DA:100,32
DA:123,32
DA:147,44
DA:169,44
DA:192,36
DA:217,34
DA:221,34
DA:226,31
LF:227
LH:17
end_of_record
TN:
SF:node_modules\effect\dist\esm\Cron.js
FNF:21
FNH:0
DA:4,34
DA:5,38
DA:6,36
DA:7,48
DA:8,41
DA:9,34
DA:10,59
DA:11,33
DA:12,44
DA:13,43
DA:14,38
DA:19,48
DA:20,21
DA:26,2
DA:29,2
DA:42,2
DA:45,1
DA:47,2
DA:56,22
DA:78,2
DA:84,76
DA:85,26
DA:86,22
DA:87,36
DA:88,2
DA:95,2
DA:105,28
DA:138,2
DA:186,2
DA:266,2
DA:279,2
DA:285,45
DA:286,70
DA:287,27
DA:294,31
DA:295,24
DA:296,20
DA:297,9
DA:298,8
DA:299,2
DA:300,22
DA:301,18
DA:302,9
DA:303,8
DA:304,2
DA:305,21
DA:306,17
DA:307,9
DA:308,8
DA:309,2
DA:310,23
DA:311,19
DA:312,9
DA:313,10
DA:314,14
DA:315,11
DA:316,11
DA:317,11
DA:318,11
DA:319,11
DA:320,11
DA:321,11
DA:322,11
DA:323,11
DA:324,12
DA:325,12
DA:326,9
DA:327,2
DA:328,2
DA:329,25
DA:330,21
DA:331,9
DA:332,9
DA:333,14
DA:334,11
DA:335,11
DA:336,11
DA:337,11
DA:338,11
DA:339,11
DA:340,8
DA:341,2
DA:342,2
DA:396,2
DA:403,2
DA:410,1
DA:413,2
LF:415
LH:87
end_of_record
TN:
SF:node_modules\effect\dist\esm\Data.js
FNF:13
FNH:1
DA:1,43
DA:2,47
DA:3,61
DA:4,44
DA:22,38
DA:27,28
DA:45,21
DA:69,21
DA:74,27
DA:75,14
DA:76,18
DA:102,7
DA:126,2
DA:148,41
DA:175,2
DA:181,46
DA:224,2
DA:234,2
DA:242,24
DA:243,68
DA:244,51
DA:255,3
DA:261,2
DA:263,2
DA:264,3
DA:275,1
LF:277
LH:26
end_of_record
TN:
SF:node_modules\effect\dist\esm\DateTime.js
FNF:106
FNH:1
DA:4,52
DA:5,36
DA:6,40
DA:7,42
DA:8,38
DA:9,38
DA:10,36
DA:11,49
DA:12,41
DA:13,45
DA:14,34
DA:15,48
DA:16,36
DA:17,38
DA:18,36
DA:19,44
DA:20,44
DA:25,52
DA:30,69
DA:31,17
DA:32,17
DA:37,2
DA:40,1
DA:42,2
DA:43,22
DA:44,8
DA:50,2
DA:53,1
DA:55,2
DA:56,24
DA:57,8
DA:63,2
DA:66,1
DA:68,2
DA:69,25
DA:72,1
DA:74,2
DA:75,32
DA:76,16
DA:82,2
DA:85,2
DA:92,1
DA:94,2
DA:95,33
DA:96,16
DA:102,2
DA:105,2
DA:112,1
DA:114,2
DA:120,2
DA:129,26
DA:130,23
DA:135,26
DA:140,32
DA:145,31
DA:150,21
DA:155,23
DA:163,46
DA:168,33
DA:172,40
DA:179,2
DA:194,2
DA:229,2
DA:262,2
DA:278,63
DA:304,53
DA:305,48
DA:325,2
DA:339,64
DA:346,25
DA:366,45
DA:384,51
DA:385,82
DA:386,24
DA:387,17
DA:388,19
DA:389,18
DA:390,18
DA:391,20
DA:392,20
DA:393,29
DA:394,28
DA:395,17
DA:396,2
DA:406,2
DA:426,2
DA:438,2
DA:447,71
DA:458,2
DA:465,29
DA:466,40
DA:478,2
DA:498,2
DA:515,50
DA:531,56
DA:554,33
DA:583,3
DA:600,41
DA:605,36
DA:610,36
DA:615,52
DA:620,70
DA:625,46
DA:630,64
DA:635,44
DA:640,24
DA:645,30
DA:650,22
DA:655,28
DA:665,25
DA:685,2
DA:695,2
DA:701,2
DA:711,30
DA:718,29
DA:740,2
DA:753,2
DA:769,2
DA:784,2
DA:800,35
DA:815,32
DA:841,2
DA:851,33
DA:858,36
DA:866,90
DA:883,30
DA:898,40
DA:913,36
DA:927,46
DA:944,45
DA:958,68
DA:965,32
DA:972,38
DA:979,37
DA:986,80
DA:992,2
DA:994,45
DA:1001,2
DA:1013,2
DA:1034,3
DA:1045,3
DA:1063,3
DA:1078,33
DA:1093,36
DA:1098,30
DA:1115,36
DA:1129,41
DA:1131,2
DA:1183,3
DA:1203,3
DA:1246,2
DA:1266,45
DA:1309,2
DA:1329,43
DA:1363,3
DA:1371,2
DA:1396,3
DA:1405,49
DA:1417,3
DA:1424,35
DA:1431,25
DA:1438,29
DA:1445,32
DA:1454,2
DA:1464,29
LF:1465
LH:165
end_of_record
TN:
SF:node_modules\effect\dist\esm\DefaultServices.js
FNF:1
FNH:1
DA:1,58
DA:6,50
DA:11,55
LF:12
LH:3
end_of_record
TN:
SF:node_modules\effect\dist\esm\Deferred.js
FNF:1
FNH:1
DA:1,43
DA:2,51
DA:7,54
DA:14,38
DA:21,42
DA:22,34
DA:23,19
DA:31,8
DA:42,46
DA:50,54
DA:58,38
DA:66,38
DA:74,46
DA:82,48
DA:90,56
DA:98,36
DA:106,44
DA:115,48
DA:123,56
DA:131,42
DA:139,38
DA:146,44
DA:153,38
DA:160,50
DA:168,49
LF:169
LH:25
end_of_record
TN:
SF:node_modules\effect\dist\esm\Differ.js
FNF:4
FNH:0
DA:1,38
DA:2,49
DA:3,62
DA:4,66
DA:5,66
DA:6,66
DA:7,56
DA:8,78
DA:13,44
DA:14,53
DA:15,59
DA:16,59
DA:17,59
DA:18,44
DA:19,77
DA:26,21
DA:31,34
DA:42,37
DA:50,35
DA:57,34
DA:64,48
DA:72,36
DA:80,40
DA:87,40
DA:94,50
DA:101,52
DA:108,44
DA:117,38
DA:124,46
DA:131,31
LF:132
LH:30
end_of_record
TN:
SF:node_modules\effect\dist\esm\Duration.js
FNF:42
FNH:1
DA:4,36
DA:5,35
DA:6,34
DA:7,51
DA:8,38
DA:9,36
DA:10,44
DA:11,73
DA:12,45
DA:13,26
DA:14,28
DA:15,28
DA:16,31
DA:17,30
DA:18,30
DA:19,110
DA:68,2
DA:73,58
DA:74,20
DA:75,17
DA:76,10
DA:77,2
DA:78,24
DA:79,17
DA:80,2
DA:81,25
DA:87,2
DA:90,2
DA:114,2
DA:117,1
DA:119,2
DA:120,24
DA:121,48
DA:122,23
DA:123,36
DA:124,36
DA:125,36
DA:126,40
DA:136,3
DA:144,2
DA:146,18
DA:152,26
DA:157,24
DA:175,2
DA:182,28
DA:187,36
DA:192,21
DA:197,22
DA:202,22
DA:207,23
DA:212,23
DA:217,21
DA:222,20
DA:227,21
DA:240,2
DA:247,25
DA:264,2
DA:283,2
DA:298,2
DA:315,3
DA:331,3
DA:339,3
DA:346,68
DA:354,2
DA:355,30
DA:359,28
DA:360,30
DA:364,28
DA:365,34
DA:372,3
DA:394,3
DA:409,3
DA:417,3
DA:425,3
DA:433,3
DA:441,3
DA:449,3
DA:457,3
DA:465,3
DA:470,31
DA:511,1
LF:513
LH:81
end_of_record
TN:
SF:node_modules\effect\dist\esm\Effect.js
FNF:4
FNH:0
DA:1,35
DA:2,50
DA:3,47
DA:4,52
DA:5,43
DA:6,65
DA:7,58
DA:8,59
DA:9,45
DA:10,45
DA:11,50
DA:12,52
DA:13,40
DA:14,44
DA:22,46
DA:43,38
DA:84,45
DA:125,72
DA:169,37
DA:202,54
DA:227,32
DA:239,36
DA:250,44
DA:258,54
DA:265,42
DA:272,42
DA:280,34
DA:288,42
DA:295,42
DA:302,42
DA:309,42
DA:329,52
DA:334,44
DA:342,32
DA:350,46
DA:358,48
DA:366,36
DA:373,54
DA:380,46
DA:388,46
DA:395,48
DA:403,60
DA:410,42
DA:417,42
DA:428,52
DA:449,56
DA:472,32
DA:482,48
DA:499,34
DA:504,54
DA:509,30
DA:514,38
DA:519,40
DA:524,48
DA:529,28
DA:538,42
DA:543,36
DA:548,30
DA:556,32
DA:563,32
DA:573,38
DA:578,36
DA:585,46
DA:592,46
DA:597,36
DA:602,30
DA:603,24
DA:604,18
DA:609,7
DA:614,38
DA:618,29
DA:619,19
DA:626,8
DA:637,38
DA:647,48
DA:659,52
DA:666,36
DA:673,40
DA:680,52
DA:692,54
DA:699,40
DA:706,42
DA:714,34
DA:722,44
DA:729,36
DA:738,48
DA:745,52
DA:752,38
DA:759,46
DA:768,56
DA:769,25
DA:770,17
DA:778,6
DA:787,36
DA:799,50
DA:810,44
DA:820,42
DA:836,52
DA:844,58
DA:861,50
DA:866,40
DA:871,48
DA:876,48
DA:881,56
DA:886,44
DA:891,52
DA:896,60
DA:920,50
DA:939,26
DA:956,36
DA:973,46
DA:988,34
DA:996,30
DA:1004,40
DA:1009,28
DA:1017,40
DA:1025,36
DA:1032,38
DA:1044,50
DA:1052,34
DA:1059,36
DA:1084,58
DA:1108,84
DA:1143,56
DA:1159,54
DA:1174,46
DA:1182,36
DA:1190,34
DA:1195,66
DA:1200,58
DA:1211,70
DA:1216,40
DA:1223,48
DA:1232,48
DA:1240,40
DA:1248,62
DA:1259,58
DA:1267,58
DA:1274,44
DA:1281,52
DA:1289,50
DA:1298,52
DA:1306,58
DA:1311,36
DA:1316,44
DA:1341,38
DA:1350,50
DA:1358,40
DA:1366,38
DA:1373,46
DA:1380,70
DA:1388,44
DA:1396,56
DA:1404,46
DA:1416,42
DA:1421,52
DA:1431,53
DA:1438,66
DA:1445,64
DA:1455,34
DA:1463,42
DA:1471,60
DA:1479,51
DA:1489,40
DA:1497,48
DA:1505,60
DA:1513,48
DA:1524,34
DA:1532,34
DA:1539,34
DA:1546,42
DA:1565,40
DA:1585,52
DA:1593,48
DA:1601,58
DA:1614,44
DA:1626,69
DA:1633,69
DA:1641,78
DA:1649,36
DA:1656,46
DA:1663,56
DA:1671,52
DA:1679,44
DA:1687,52
DA:1695,64
DA:1700,54
DA:1705,66
DA:1710,56
DA:1715,56
DA:1720,52
DA:1725,50
DA:1730,54
DA:1737,50
DA:1769,28
DA:1798,32
DA:1827,36
DA:1828,25
DA:1829,17
DA:1858,6
DA:1875,34
DA:1880,30
DA:1890,46
DA:1898,36
DA:1902,21
DA:1903,16
DA:1910,5
DA:1918,46
DA:1926,60
DA:1934,48
DA:1968,48
DA:1975,36
DA:1982,48
DA:1989,32
DA:1994,42
DA:2002,48
DA:2009,38
DA:2026,36
DA:2054,36
DA:2059,36
DA:2068,44
DA:2078,38
DA:2094,44
DA:2102,46
DA:2111,44
DA:2116,28
DA:2143,38
DA:2179,42
DA:2202,40
DA:2235,46
DA:2272,50
DA:2282,38
DA:2305,38
DA:2332,32
DA:2376,48
DA:2394,38
DA:2437,58
DA:2447,50
DA:2455,54
DA:2463,58
DA:2468,40
DA:2479,45
DA:2486,56
DA:2491,44
DA:2496,52
DA:2501,64
DA:2506,72
DA:2514,52
DA:2522,48
DA:2530,54
DA:2540,42
DA:2547,42
DA:2556,34
DA:2561,42
DA:2566,54
DA:2571,44
DA:2599,30
DA:2606,28
DA:2613,40
DA:2632,40
DA:2639,38
DA:2646,44
DA:2653,40
DA:2660,40
DA:2680,46
DA:2701,48
DA:2727,66
DA:2734,52
DA:2741,74
DA:2752,32
DA:2760,40
DA:2768,34
DA:2776,44
DA:2784,50
DA:2794,36
DA:2802,53
DA:2810,53
DA:2818,62
DA:2830,40
DA:2838,49
DA:2843,57
DA:2848,59
DA:2853,79
DA:2863,44
DA:2870,48
DA:2877,62
DA:2884,66
DA:2891,46
DA:2896,44
DA:2903,64
DA:2910,52
DA:2918,49
DA:2923,52
DA:2931,58
DA:2939,66
DA:2944,52
DA:2949,60
DA:2960,46
DA:2968,54
DA:3022,43
DA:3043,51
DA:3064,53
DA:3098,51
DA:3106,27
DA:3114,36
DA:3119,52
DA:3124,30
DA:3129,48
DA:3134,53
DA:3139,60
DA:3144,59
DA:3149,55
DA:3157,36
DA:3162,53
DA:3167,53
DA:3172,62
DA:3187,56
DA:3192,54
DA:3199,50
DA:3206,62
DA:3211,46
DA:3216,58
DA:3221,54
DA:3226,42
DA:3233,42
DA:3240,40
DA:3251,58
DA:3262,38
DA:3269,40
DA:3286,56
DA:3295,58
DA:3302,52
DA:3313,48
DA:3321,60
DA:3373,1
LF:3375
LH:335
end_of_record
TN:
SF:node_modules\effect\dist\esm\Effectable.js
FNF:1
FNH:0
DA:1,15
DA:6,50
DA:11,50
DA:16,46
DA:21,52
DA:26,56
DA:31,56
DA:36,76
DA:37,27
DA:38,47
DA:43,34
DA:48,53
LF:49
LH:12
end_of_record
TN:
SF:node_modules\effect\dist\esm\Either.js
FNF:20
FNH:0
DA:4,48
DA:5,72
DA:6,55
DA:7,47
DA:8,42
DA:9,34
DA:14,36
DA:22,34
DA:30,32
DA:44,37
DA:55,44
DA:67,2
DA:71,17
DA:79,6
DA:95,40
DA:110,36
DA:125,38
DA:140,40
DA:153,38
DA:161,2
DA:169,3
DA:179,32
DA:189,28
DA:213,3
DA:243,38
DA:271,37
DA:276,29
DA:277,19
DA:278,18
DA:279,3
DA:292,34
DA:303,46
DA:314,56
DA:340,3
DA:358,42
DA:368,31
DA:373,32
DA:383,3
DA:388,32
DA:393,27
DA:433,2
DA:442,20
DA:443,30
DA:478,2
DA:512,28
DA:541,50
DA:570,45
DA:571,34
DA:572,17
DA:601,5
LF:602
LH:50
end_of_record
TN:
SF:node_modules\effect\dist\esm\Encoding.js
FNF:9
FNH:0
DA:10,38
DA:11,56
DA:12,62
DA:13,56
DA:14,50
DA:21,28
DA:28,28
DA:35,34
DA:42,31
DA:49,31
DA:56,37
DA:63,25
DA:70,25
DA:77,31
DA:82,66
DA:89,54
DA:96,57
LF:97
LH:17
end_of_record
TN:
SF:node_modules\effect\dist\esm\Equal.js
FNF:6
FNH:4
DA:1,34
DA:2,43
DA:3,49
DA:8,49
DA:9,10
DA:10,28
DA:12,1
DA:13,48
DA:15,31
DA:16,19
DA:18,1
DA:19,31
DA:20,30
DA:22,1
DA:23,56
DA:24,40
DA:25,40
DA:31,55
DA:33,5
DA:34,1
DA:35,37
DA:53,2
DA:54,1
DA:55,80
DA:61,51
DA:66,37
LF:67
LH:26
end_of_record
TN:
SF:node_modules\effect\dist\esm\Equivalence.js
FNF:18
FNH:4
DA:8,35
DA:13,38
DA:14,27
DA:21,45
DA:26,31
DA:31,31
DA:36,32
DA:41,31
DA:46,31
DA:51,32
DA:66,3
DA:67,27
DA:72,26
DA:77,50
DA:82,38
DA:87,32
DA:106,2
DA:114,2
DA:129,21
DA:147,2
DA:164,1
LF:166
LH:21
end_of_record
TN:
SF:node_modules\effect\dist\esm\ExecutionStrategy.js
FNF:1
FNH:1
DA:1,60
DA:8,46
DA:15,42
DA:22,44
DA:30,50
DA:38,46
DA:46,48
DA:54,35
LF:55
LH:8
end_of_record
TN:
SF:node_modules\effect\dist\esm\Exit.js
FNF:1
FNH:1
DA:1,43
DA:8,38
DA:15,44
DA:22,44
DA:30,52
DA:38,30
DA:45,38
DA:53,48
DA:61,39
DA:68,32
DA:76,38
DA:84,34
DA:91,44
DA:96,40
DA:101,52
DA:106,40
DA:111,52
DA:118,46
DA:125,46
DA:134,44
DA:142,44
DA:150,32
DA:158,40
DA:166,42
DA:174,52
DA:179,36
DA:184,48
DA:191,40
DA:192,28
DA:193,18
DA:200,7
DA:208,32
DA:216,40
DA:224,42
DA:232,38
DA:240,46
DA:248,48
DA:256,39
LF:257
LH:38
end_of_record
TN:
SF:node_modules\effect\dist\esm\Fiber.js
FNF:1
FNH:1
DA:1,43
DA:2,58
DA:3,48
DA:4,59
DA:9,48
DA:14,62
DA:19,36
DA:26,40
DA:34,54
DA:41,30
DA:42,31
DA:43,19
DA:51,8
DA:58,51
DA:65,42
DA:73,41
DA:80,34
DA:85,34
DA:90,40
DA:97,34
DA:104,44
DA:111,46
DA:118,56
DA:126,46
DA:135,45
DA:142,48
DA:151,49
DA:160,56
DA:167,50
DA:175,54
DA:184,61
DA:195,34
DA:204,49
DA:211,32
DA:218,44
DA:226,42
DA:233,36
DA:240,36
DA:249,38
DA:258,50
DA:266,34
DA:273,38
DA:280,36
DA:287,48
DA:295,47
DA:302,38
DA:309,40
DA:310,28
DA:311,18
DA:318,7
DA:326,37
DA:333,45
DA:340,47
DA:349,44
LF:350
LH:54
end_of_record
TN:
SF:node_modules\effect\dist\esm\FiberHandle.js
FNF:20
FNH:1
DA:4,40
DA:5,36
DA:6,42
DA:7,34
DA:8,36
DA:9,40
DA:10,42
DA:11,35
DA:12,48
DA:13,38
DA:14,44
DA:15,44
DA:16,40
DA:21,55
DA:26,29
DA:27,17
DA:28,17
DA:30,2
DA:39,2
DA:42,1
DA:44,2
DA:52,2
DA:85,2
DA:92,27
DA:125,3
DA:136,3
DA:143,25
DA:150,19
DA:164,2
DA:165,33
DA:166,24
DA:171,1
DA:173,3
DA:203,2
DA:246,2
DA:264,19
LF:265
LH:36
end_of_record
TN:
SF:node_modules\effect\dist\esm\FiberId.js
FNF:1
FNH:1
DA:1,50
DA:6,52
DA:11,34
DA:16,40
DA:21,44
DA:29,44
DA:36,38
DA:43,44
DA:50,48
DA:57,40
DA:64,46
DA:71,44
DA:78,32
DA:85,34
DA:93,46
DA:100,42
DA:107,36
DA:114,45
LF:115
LH:18
end_of_record
TN:
SF:node_modules\effect\dist\esm\FiberMap.js
FNF:25
FNH:1
DA:4,40
DA:5,36
DA:6,42
DA:7,34
DA:8,36
DA:9,40
DA:10,42
DA:11,35
DA:12,48
DA:13,42
DA:14,54
DA:15,38
DA:16,44
DA:17,44
DA:18,40
DA:23,52
DA:28,26
DA:29,17
DA:35,2
DA:38,2
DA:47,2
DA:50,1
DA:52,2
DA:60,2
DA:92,2
DA:99,27
DA:137,3
DA:148,3
DA:155,34
DA:162,28
DA:169,34
DA:176,28
DA:193,3
DA:205,2
DA:206,33
DA:207,24
DA:212,1
DA:214,3
DA:247,2
DA:288,2
DA:293,20
DA:311,19
LF:312
LH:42
end_of_record
TN:
SF:node_modules\effect\dist\esm\FiberRef.js
FNF:1
FNH:1
DA:1,43
DA:2,59
DA:3,45
DA:4,44
DA:9,50
DA:14,46
DA:19,54
DA:24,60
DA:29,70
DA:34,50
DA:39,64
DA:44,64
DA:49,78
DA:54,60
DA:59,36
DA:64,48
DA:69,54
DA:74,62
DA:79,44
DA:84,36
DA:85,36
DA:86,20
DA:91,9
DA:96,40
DA:101,42
DA:106,50
DA:111,42
DA:116,50
DA:121,54
DA:126,62
DA:131,58
DA:136,73
DA:141,54
DA:146,68
DA:151,50
DA:156,72
DA:161,70
DA:166,73
DA:171,64
DA:176,58
DA:181,52
DA:186,74
DA:191,50
DA:196,68
DA:201,59
DA:206,64
DA:211,60
DA:216,62
DA:221,74
DA:226,78
DA:231,66
DA:236,60
LF:237
LH:52
end_of_record
TN:
SF:node_modules\effect\dist\esm\FiberRefs.js
FNF:1
FNH:1
DA:1,52
DA:6,50
DA:7,33
DA:8,20
DA:15,9
DA:22,44
DA:31,38
DA:39,32
DA:47,50
DA:56,38
DA:63,38
DA:70,42
DA:77,50
DA:84,46
DA:91,35
LF:92
LH:15
end_of_record
TN:
SF:node_modules\effect\dist\esm\FiberRefsPatch.js
FNF:1
FNH:1
DA:1,58
DA:6,36
DA:14,34
DA:23,40
DA:31,35
LF:32
LH:5
end_of_record
TN:
SF:node_modules\effect\dist\esm\FiberSet.js
FNF:17
FNH:0
DA:4,40
DA:5,42
DA:6,36
DA:7,42
DA:8,34
DA:9,36
DA:10,42
DA:11,35
DA:12,48
DA:13,42
DA:14,38
DA:15,44
DA:16,44
DA:17,40
DA:22,52
DA:27,26
DA:28,17
DA:34,2
DA:37,2
DA:46,2
DA:49,1
DA:51,2
DA:59,2
DA:91,2
DA:98,27
DA:124,3
DA:133,3
DA:145,2
DA:169,2
DA:204,2
DA:209,20
DA:227,19
LF:228
LH:32
end_of_record
TN:
SF:node_modules\effect\dist\esm\FiberStatus.js
FNF:1
FNH:1
DA:1,54
DA:6,60
DA:11,34
DA:16,40
DA:21,44
DA:28,52
DA:35,38
DA:43,44
DA:51,47
LF:52
LH:9
end_of_record
TN:
SF:node_modules\effect\dist\esm\Function.js
FNF:25
FNH:12
DA:15,63
DA:57,34
DA:58,35
DA:59,14
DA:60,28
DA:62,41
DA:63,1
DA:64,44
DA:66,1
DA:67,20
DA:70,5
DA:71,3
DA:72,20
DA:73,35
DA:74,26
DA:75,1
DA:76,22
DA:77,34
DA:80,3
DA:81,23
DA:82,35
DA:83,29
DA:84,1
DA:85,22
DA:86,37
DA:89,3
DA:90,26
DA:91,35
DA:92,32
DA:104,9
DA:115,2
DA:134,21
DA:147,31
DA:165,25
DA:178,37
DA:197,35
DA:208,40
DA:219,42
DA:230,40
DA:241,50
DA:252,40
DA:267,20
DA:285,32
DA:295,2
DA:309,22
DA:322,24
DA:323,43
DA:324,31
DA:326,5
DA:327,3
DA:328,22
DA:329,3
DA:330,26
DA:331,3
DA:332,30
DA:333,3
DA:334,34
DA:335,3
DA:336,33
DA:350,1
DA:390,1
DA:397,41
DA:414,17
LF:415
LH:63
end_of_record
TN:
SF:node_modules\effect\dist\esm\GlobalValue.js
FNF:1
FNH:1
DA:4,49
DA:5,100
DA:6,36
DA:8,38
DA:9,1
DA:10,46
DA:14,44
DA:15,28
DA:16,36
DA:17,1
DA:18,28
LF:20
LH:11
end_of_record
TN:
SF:node_modules\effect\dist\esm\GroupBy.js
FNF:1
FNH:1
DA:4,50
DA:9,52
DA:17,42
DA:24,38
DA:31,36
DA:38,33
LF:39
LH:6
end_of_record
TN:
SF:node_modules\effect\dist\esm\HKT.js
FNF:1
FNH:1
DA:1,9
LF:2
LH:1
end_of_record
TN:
SF:node_modules\effect\dist\esm\Hash.js
FNF:13
FNH:10
DA:4,35
DA:5,45
DA:6,43
DA:7,49
DA:9,96
DA:14,48
DA:19,30
DA:20,44
DA:22,1
DA:23,31
DA:24,10
DA:25,24
DA:31,5
DA:32,10
DA:33,24
DA:36,5
DA:37,10
DA:38,2
DA:39,23
DA:41,31
DA:43,25
DA:44,28
DA:45,8
DA:46,26
DA:50,2
DA:57,32
DA:58,34
DA:59,92
DA:60,1
DA:61,35
DA:67,52
DA:72,67
DA:77,50
DA:82,29
DA:83,30
DA:84,11
DA:85,1
DA:86,16
DA:87,15
DA:88,25
DA:89,1
DA:90,25
DA:91,26
DA:92,1
DA:93,21
DA:99,31
DA:100,15
DA:101,16
DA:102,12
DA:103,38
DA:104,1
DA:105,21
DA:116,2
DA:122,25
DA:127,30
DA:128,15
DA:129,38
DA:130,40
DA:131,1
DA:132,21
DA:159,1
LF:161
LH:61
end_of_record
TN:
SF:node_modules\effect\dist\esm\HashMap.js
FNF:1
FNH:0
DA:4,44
DA:5,56
DA:6,32
DA:11,38
DA:18,30
DA:25,28
DA:32,44
DA:39,34
DA:47,26
DA:54,34
DA:62,38
DA:69,26
DA:77,34
DA:84,26
DA:91,28
DA:98,37
DA:105,32
DA:112,34
DA:119,25
DA:126,28
DA:132,46
DA:138,42
DA:144,32
DA:155,36
DA:168,40
DA:174,32
DA:180,30
DA:187,32
DA:193,40
DA:200,26
DA:209,34
DA:216,34
DA:223,32
DA:230,32
DA:237,34
DA:245,38
DA:253,37
LF:254
LH:37
end_of_record
TN:
SF:node_modules\effect\dist\esm\HashSet.js
FNF:1
FNH:1
DA:4,44
DA:5,32
DA:10,38
DA:17,30
DA:24,44
DA:31,28
DA:38,26
DA:45,28
DA:52,30
DA:62,36
DA:69,32
DA:76,28
DA:82,46
DA:88,42
DA:94,32
DA:100,26
DA:106,32
DA:116,40
DA:126,44
DA:136,30
DA:144,32
DA:151,26
DA:158,34
DA:165,34
DA:172,32
DA:179,32
DA:190,37
LF:191
LH:27
end_of_record
TN:
SF:node_modules\effect\dist\esm\Inspectable.js
FNF:10
FNH:2
DA:4,40
DA:9,74
DA:19,2
DA:24,54
DA:28,26
DA:33,2
DA:36,1
DA:38,2
DA:47,1
DA:53,1
DA:55,1
DA:59,54
DA:60,7
DA:61,44
DA:63,2
DA:74,1
LF:76
LH:16
end_of_record
TN:
SF:node_modules\effect\dist\esm\Iterable.js
FNF:46
FNH:1
DA:6,33
DA:7,36
DA:8,45
DA:9,33
DA:10,41
DA:11,36
DA:47,2
DA:68,2
DA:85,3
DA:108,2
DA:115,32
DA:130,35
DA:137,31
DA:164,3
DA:197,3
DA:212,2
DA:226,2
DA:237,2
DA:249,2
DA:276,3
DA:300,3
DA:329,3
DA:353,3
DA:377,3
DA:384,28
DA:413,3
DA:443,3
DA:457,2
DA:458,41
DA:465,51
DA:509,3
DA:557,3
DA:564,52
DA:583,3
DA:586,1
DA:588,2
DA:589,28
DA:594,1
DA:596,2
DA:601,21
DA:608,18
DA:633,3
DA:640,32
DA:670,2
DA:699,3
DA:733,3
DA:748,44
DA:763,24
DA:778,25
DA:806,3
DA:814,3
DA:829,3
DA:855,2
DA:866,3
DA:881,3
DA:916,3
DA:922,70
DA:929,38
DA:936,33
LF:937
LH:59
end_of_record
TN:
SF:node_modules\effect\dist\esm\KeyedPool.js
FNF:1
FNH:1
DA:1,52
DA:6,56
DA:16,34
DA:28,42
DA:42,48
DA:56,52
DA:66,32
DA:75,45
LF:76
LH:8
end_of_record
TN:
SF:node_modules\effect\dist\esm\Layer.js
FNF:8
FNH:0
DA:1,40
DA:2,45
DA:3,43
DA:4,65
DA:5,59
DA:6,48
DA:7,62
DA:8,45
DA:9,44
DA:14,48
DA:19,52
DA:26,40
DA:34,40
DA:39,50
DA:44,52
DA:51,36
DA:62,54
DA:69,42
DA:76,52
DA:84,40
DA:91,32
DA:98,40
DA:106,40
DA:113,42
DA:120,56
DA:128,56
DA:135,36
DA:145,48
DA:152,34
DA:159,42
DA:166,44
DA:173,52
DA:180,40
DA:187,40
DA:194,36
DA:195,43
DA:196,25
DA:203,11
DA:211,38
DA:218,32
DA:225,42
DA:234,36
DA:243,46
DA:251,40
DA:258,36
DA:265,42
DA:273,36
DA:281,38
DA:289,48
DA:297,40
DA:302,52
DA:307,48
DA:312,56
DA:317,60
DA:322,76
DA:329,36
DA:339,36
DA:346,38
DA:353,52
DA:361,52
DA:369,40
DA:376,40
DA:384,54
DA:392,40
DA:399,34
DA:407,48
DA:414,32
DA:421,42
DA:428,52
DA:436,44
DA:444,66
DA:453,40
DA:462,50
DA:470,40
DA:475,50
DA:480,50
DA:485,24
DA:492,65
DA:499,51
DA:504,34
DA:509,33
DA:514,31
DA:519,28
DA:528,39
DA:535,49
DA:540,32
DA:545,31
DA:550,41
DA:555,42
DA:560,54
DA:570,48
DA:578,57
LF:579
LH:92
end_of_record
TN:
SF:node_modules\effect\dist\esm\List.js
FNF:58
FNH:2
DA:23,34
DA:24,36
DA:25,38
DA:26,36
DA:27,48
DA:28,59
DA:29,34
DA:30,67
DA:31,38
DA:32,44
DA:33,43
DA:38,48
DA:45,23
DA:50,110
DA:51,50
DA:52,21
DA:53,18
DA:54,14
DA:56,2
DA:103,2
DA:106,1
DA:108,2
DA:113,2
DA:115,35
DA:116,20
DA:117,18
DA:118,13
DA:120,2
DA:145,2
DA:148,1
DA:150,2
DA:151,37
DA:158,22
DA:165,21
DA:172,22
DA:186,2
DA:194,28
DA:201,20
DA:210,25
DA:217,18
DA:237,2
DA:246,20
DA:253,31
DA:269,34
DA:276,32
DA:309,3
DA:325,3
DA:346,3
DA:360,3
DA:376,3
DA:383,31
DA:397,2
DA:413,2
DA:453,2
DA:472,3
DA:479,23
DA:496,3
DA:525,3
DA:538,3
DA:546,20
DA:554,20
DA:577,3
DA:597,3
DA:618,3
DA:634,3
DA:650,3
DA:664,2
DA:672,32
DA:679,20
DA:701,3
DA:708,23
DA:709,80
DA:720,2
DA:738,2
DA:750,1
LF:752
LH:75
end_of_record
TN:
SF:node_modules\effect\dist\esm\LogLevel.js
FNF:3
FNH:1
DA:1,41
DA:2,43
DA:3,38
DA:4,36
DA:9,36
DA:14,40
DA:19,40
DA:24,44
DA:29,38
DA:34,40
DA:39,40
DA:44,38
DA:49,43
DA:57,32
DA:62,57
DA:67,46
DA:72,60
DA:77,52
DA:82,66
DA:87,40
DA:88,22
DA:96,5
DA:97,8
DA:98,16
DA:104,1
LF:107
LH:25
end_of_record
TN:
SF:node_modules\effect\dist\esm\LogSpan.js
FNF:1
FNH:1
DA:4,50
DA:9,34
DA:14,37
LF:15
LH:3
end_of_record
TN:
SF:node_modules\effect\dist\esm\Logger.js
FNF:1
FNH:1
DA:1,59
DA:2,57
DA:3,66
DA:4,49
DA:9,50
DA:43,40
DA:48,38
DA:53,50
DA:58,50
DA:63,42
DA:68,56
DA:76,54
DA:81,32
DA:114,50
DA:119,64
DA:124,68
DA:131,34
DA:136,44
DA:141,46
DA:146,58
DA:151,58
DA:156,38
DA:161,40
DA:166,34
DA:171,42
DA:187,64
DA:192,74
DA:200,32
DA:205,40
DA:210,42
DA:215,56
DA:234,46
DA:253,50
DA:258,50
DA:284,50
DA:312,58
DA:317,54
DA:336,81
DA:355,85
DA:381,85
DA:409,93
DA:430,56
DA:437,41
LF:438
LH:43
end_of_record
TN:
SF:node_modules\effect\dist\esm\ManagedRuntime.js
FNF:1
FNH:1
DA:1,57
DA:26,33
LF:27
LH:2
end_of_record
TN:
SF:node_modules\effect\dist\esm\Match.js
FNF:1
FNH:1
DA:1,50
DA:2,44
DA:7,45
DA:12,34
DA:17,36
DA:22,44
DA:27,42
DA:32,54
DA:37,34
DA:42,38
DA:47,40
DA:52,52
DA:57,72
DA:62,54
DA:67,74
DA:72,32
DA:77,52
DA:82,34
DA:87,54
DA:92,32
DA:97,54
DA:102,30
DA:107,41
DA:112,41
DA:117,32
DA:122,40
DA:127,43
DA:128,41
DA:129,23
DA:134,12
DA:135,31
DA:136,18
DA:141,7
DA:146,41
DA:151,41
DA:156,37
DA:161,41
DA:166,46
DA:171,52
DA:176,38
DA:181,50
DA:186,38
DA:191,38
DA:196,46
DA:201,68
DA:202,38
LF:203
LH:46
end_of_record
TN:
SF:node_modules\effect\dist\esm\MergeDecision.js
FNF:1
FNH:1
DA:1,64
DA:6,64
DA:11,34
DA:16,36
DA:21,46
DA:29,56
DA:34,35
LF:35
LH:7
end_of_record
TN:
SF:node_modules\effect\dist\esm\MergeState.js
FNF:1
FNH:1
DA:1,61
DA:6,58
DA:11,48
DA:16,42
DA:21,44
DA:28,50
DA:36,52
DA:44,46
DA:52,48
DA:57,35
LF:58
LH:10
end_of_record
TN:
SF:node_modules\effect\dist\esm\MergeStrategy.js
FNF:1
FNH:1
DA:4,64
DA:9,64
DA:14,50
DA:19,52
DA:27,56
DA:35,54
DA:43,56
DA:50,35
LF:51
LH:8
end_of_record
TN:
SF:node_modules\effect\dist\esm\Metric.js
FNF:1
FNH:1
DA:1,59
DA:2,49
DA:7,50
DA:12,66
DA:17,34
DA:26,42
DA:52,40
DA:70,44
DA:79,60
DA:84,52
DA:109,36
DA:129,44
DA:134,44
DA:139,48
DA:148,32
DA:153,40
DA:158,32
DA:165,42
DA:172,40
DA:179,34
DA:207,40
DA:212,31
DA:213,27
DA:221,38
DA:231,68
DA:239,58
DA:248,36
DA:258,64
DA:267,42
DA:275,48
DA:284,56
DA:293,52
DA:302,60
DA:310,46
DA:319,54
DA:327,50
DA:336,58
DA:345,38
DA:352,36
DA:357,40
DA:362,32
DA:369,54
DA:374,54
DA:379,58
DA:384,56
DA:389,58
DA:394,51
LF:395
LH:47
end_of_record
TN:
SF:node_modules\effect\dist\esm\MetricBoundaries.js
FNF:1
FNH:1
DA:1,60
DA:6,70
DA:11,62
DA:16,50
DA:24,38
DA:32,47
LF:33
LH:6
end_of_record
TN:
SF:node_modules\effect\dist\esm\MetricHook.js
FNF:1
FNH:1
DA:1,54
DA:6,58
DA:11,34
DA:16,40
DA:21,44
DA:26,36
DA:31,44
DA:36,40
DA:41,41
LF:42
LH:9
end_of_record
TN:
SF:node_modules\effect\dist\esm\MetricKey.js
FNF:1
FNH:1
DA:1,53
DA:6,56
DA:11,48
DA:18,40
DA:26,44
DA:33,36
DA:40,44
DA:48,40
DA:55,38
DA:62,57
LF:63
LH:10
end_of_record
TN:
SF:node_modules\effect\dist\esm\MetricKeyType.js
FNF:1
FNH:1
DA:1,57
DA:6,64
DA:11,66
DA:16,70
DA:21,62
DA:26,70
DA:31,66
DA:36,40
DA:41,44
DA:46,36
DA:51,44
DA:56,40
DA:61,56
DA:66,50
DA:71,54
DA:76,46
DA:81,54
DA:86,49
LF:87
LH:18
end_of_record
TN:
SF:node_modules\effect\dist\esm\MetricLabel.js
FNF:1
FNH:1
DA:1,55
DA:6,60
DA:11,34
DA:16,51
LF:17
LH:4
end_of_record
TN:
SF:node_modules\effect\dist\esm\MetricPair.js
FNF:1
FNH:1
DA:4,54
DA:9,58
DA:14,34
DA:19,45
LF:20
LH:4
end_of_record
TN:
SF:node_modules\effect\dist\esm\MetricPolling.js
FNF:1
FNH:1
DA:1,57
DA:6,64
DA:13,34
DA:21,46
DA:29,38
DA:36,34
DA:43,52
DA:51,36
DA:58,31
LF:59
LH:9
end_of_record
TN:
SF:node_modules\effect\dist\esm\MetricRegistry.js
FNF:1
FNH:1
DA:4,58
DA:9,66
DA:14,33
LF:15
LH:3
end_of_record
TN:
SF:node_modules\effect\dist\esm\MetricState.js
FNF:1
FNH:1
DA:1,55
DA:6,60
DA:11,62
DA:16,66
DA:21,58
DA:26,66
DA:31,62
DA:36,40
DA:41,44
DA:46,36
DA:51,44
DA:56,40
DA:61,52
DA:66,54
DA:71,58
DA:76,50
DA:81,58
DA:86,53
LF:87
LH:18
end_of_record
TN:
SF:node_modules\effect\dist\esm\Micro.js
FNF:205
FNH:25
DA:1,80
DA:2,92
DA:3,76
DA:4,134
DA:5,90
DA:6,136
DA:7,110
DA:8,122
DA:9,116
DA:10,76
DA:11,88
DA:12,104
DA:13,102
DA:19,98
DA:25,124
DA:31,106
DA:40,140
DA:41,58
DA:42,26
DA:43,4
DA:44,96
DA:45,14
DA:46,20
DA:47,39
DA:48,75
DA:49,86
DA:50,26
DA:51,32
DA:52,28
DA:53,101
DA:54,52
DA:55,38
DA:56,54
DA:57,153
DA:58,17
DA:59,46
DA:60,100
DA:61,81
DA:63,53
DA:64,51
DA:65,3
DA:66,38
DA:67,42
DA:68,50
DA:69,96
DA:70,42
DA:71,52
DA:74,47
DA:80,26
DA:82,2
DA:83,80
DA:84,15
DA:87,27
DA:89,2
DA:95,102
DA:96,78
DA:97,17
DA:100,29
DA:102,2
DA:108,101
DA:109,89
DA:110,43
DA:111,97
DA:113,2
DA:119,144
DA:125,85
DA:131,82
DA:137,100
DA:143,141
DA:157,46
DA:159,6
DA:165,118
DA:171,80
DA:177,81
DA:183,88
DA:189,82
DA:195,88
DA:201,86
DA:207,126
DA:213,111
DA:219,108
DA:225,88
DA:234,112
DA:240,124
DA:241,40
DA:242,34
DA:243,28
DA:244,7
DA:246,46
DA:248,4
DA:257,18
DA:270,27
DA:277,135
DA:286,23
DA:287,6
DA:293,139
DA:302,69
DA:303,5
DA:316,75
DA:317,5
DA:325,127
DA:333,168
DA:341,78
DA:352,35
DA:353,7
DA:364,35
DA:365,7
DA:374,180
DA:375,176
DA:392,8
DA:399,27
DA:409,7
DA:415,22
DA:423,6
DA:425,2
DA:429,46
DA:430,56
DA:431,4
DA:437,134
DA:438,84
DA:439,34
DA:440,54
DA:441,26
DA:442,5
DA:448,211
DA:454,195
DA:460,188
DA:466,196
DA:472,214
DA:473,176
DA:479,216
DA:496,150
DA:500,48
DA:501,58
DA:502,32
DA:503,28
DA:504,34
DA:505,34
DA:506,28
DA:509,54
DA:511,4
DA:512,153
DA:513,22
DA:514,112
DA:515,7
DA:516,57
DA:517,82
DA:518,48
DA:519,30
DA:539,26
DA:540,5
DA:550,114
DA:559,15
DA:560,5
DA:569,17
DA:570,5
DA:578,108
DA:586,85
DA:594,100
DA:605,69
DA:617,24
DA:618,5
DA:629,76
DA:637,92
DA:645,112
DA:657,34
DA:658,5
DA:669,104
DA:670,5
DA:681,67
DA:682,5
DA:691,37
DA:692,5
DA:693,60
DA:694,36
DA:702,14
DA:739,44
DA:740,5
DA:745,44
DA:747,5
DA:748,34
DA:764,12
DA:774,79
DA:795,45
DA:810,79
DA:811,5
DA:820,90
DA:830,19
DA:831,6
DA:842,51
DA:878,8
DA:879,5
DA:891,107
DA:892,5
DA:904,3
DA:905,7
DA:914,95
DA:922,77
DA:937,3
DA:938,7
DA:948,16
DA:949,5
DA:974,3
DA:975,7
DA:1003,3
DA:1004,7
DA:1012,79
DA:1023,3
DA:1024,5
DA:1032,100
DA:1046,38
DA:1080,2
DA:1081,5
DA:1112,2
DA:1113,5
DA:1122,96
DA:1131,111
DA:1143,153
DA:1160,59
DA:1161,6
DA:1176,217
DA:1188,202
DA:1196,193
DA:1235,3
DA:1236,7
DA:1247,102
DA:1248,7
DA:1256,69
DA:1265,126
DA:1273,98
DA:1281,163
DA:1290,182
DA:1299,201
DA:1308,186
DA:1317,207
DA:1326,215
DA:1338,122
DA:1354,3
DA:1355,7
DA:1365,166
DA:1373,146
DA:1381,125
DA:1390,184
DA:1398,139
DA:1406,139
DA:1414,177
DA:1422,112
DA:1430,141
DA:1438,121
DA:1447,72
DA:1455,120
DA:1465,24
DA:1466,5
DA:1476,24
DA:1477,5
DA:1489,23
DA:1490,5
DA:1502,24
DA:1503,5
DA:1513,135
DA:1514,7
DA:1548,29
DA:1566,3
DA:1567,7
DA:1575,59
DA:1576,7
DA:1584,29
DA:1585,7
DA:1593,59
DA:1594,7
DA:1611,8
DA:1621,107
DA:1632,179
DA:1646,44
DA:1647,7
DA:1659,167
DA:1668,140
DA:1674,144
DA:1675,48
DA:1676,40
DA:1677,26
DA:1678,34
DA:1679,42
DA:1680,7
[...]
DA:5,43
DA:19,3
DA:21,31
DA:23,37
DA:25,41
DA:27,37
DA:29,43
DA:43,2
LF:44
LH:11
end_of_record
TN:
SF:node_modules\effect\dist\esm\internal\take.js
FNF:22
FNH:1
DA:14,15
DA:16,17
DA:17,4
DA:19,48
DA:20,16
DA:21,57
DA:22,29
DA:23,48
DA:26,46
DA:28,2
DA:30,87
DA:32,81
DA:34,125
DA:36,82
DA:38,116
DA:40,95
DA:42,127
DA:46,14
DA:47,5
DA:52,7
DA:59,17
DA:60,5
DA:64,22
DA:65,5
DA:69,22
DA:70,5
DA:74,21
DA:75,5
DA:77,69
DA:88,10
DA:89,7
DA:100,10
DA:101,7
DA:103,123
DA:105,91
DA:107,122
LF:108
LH:36
end_of_record
TN:
SF:node_modules\effect\dist\esm\internal\testing\suspendedWarningData.js
FNF:4
FNH:0
LF:48
LH:0
end_of_record
TN:
SF:node_modules\effect\dist\esm\internal\testing\warningData.js
FNF:4
FNH:0
LF:49
LH:0
end_of_record
TN:
SF:node_modules\effect\dist\esm\internal\tracer.js
FNF:11
FNH:2
DA:4,82
DA:6,112
DA:8,73
DA:9,66
DA:10,16
DA:11,5
DA:13,122
DA:15,126
DA:16,63
DA:24,24
DA:26,6
DA:41,1
DA:55,43
DA:63,8
DA:66,41
DA:69,62
DA:71,2
DA:73,70
DA:74,129
DA:75,29
DA:76,6
DA:83,44
DA:84,5
DA:111,6
LF:113
LH:24
end_of_record
TN:
SF:node_modules\effect\dist\esm\internal\trie.js
FNF:41
FNH:0
DA:13,11
DA:14,4
DA:15,42
DA:35,24
DA:38,40
DA:47,32
DA:50,46
DA:52,4
DA:57,18
DA:59,42
DA:60,14
DA:61,8
DA:62,18
DA:63,25
DA:71,7
DA:94,8
DA:109,64
DA:111,2
DA:113,78
DA:115,68
DA:122,18
DA:126,35
DA:216,29
DA:217,6
DA:219,73
DA:221,73
DA:223,99
DA:225,110
DA:227,121
DA:234,21
DA:235,6
DA:237,147
DA:239,168
DA:243,72
DA:244,7
DA:246,82
DA:248,132
DA:250,166
DA:252,177
DA:254,188
DA:256,150
DA:289,23
DA:290,6
DA:292,101
DA:299,23
DA:300,6
DA:396,29
DA:397,6
DA:404,14
DA:405,6
DA:412,14
DA:413,6
DA:511,29
DA:512,6
DA:545,48
DA:546,5
LF:547
LH:56
end_of_record
TN:
SF:node_modules\effect\dist\esm\internal\version.js
FNF:2
FNH:1
DA:1,28
DA:2,51
DA:4,1
LF:6
LH:3
end_of_record
TN:
SF:node_modules\elysia\dist\bun\index.js
FNF:363
FNH:110
DA:1,46
DA:2,4558
DA:3,216
DA:4,164
DA:5,8
DA:7,64
DA:8,380
DA:9,135
DA:10,196
DA:11,176
DA:12,134
DA:14,82
DA:15,142
DA:17,102
DA:18,146
DA:20,154
DA:21,178
DA:23,178
DA:24,13
DA:25,38
DA:26,126
DA:27,80
DA:28,96
DA:29,147
DA:533,62
DA:534,80
DA:535,25
DA:536,21
DA:537,102
DA:539,248
DA:540,95
DA:541,63
DA:542,89
DA:543,32
DA:544,24
DA:545,33
DA:546,104
DA:547,56
DA:548,81
DA:549,156
DA:550,182
DA:551,53
DA:552,76
DA:553,117
DA:554,44
DA:560,74
DA:561,156
DA:562,221
DA:563,47
DA:564,82
DA:565,180
DA:566,143
DA:567,127
DA:568,58
DA:569,105
DA:570,4
DA:571,31
DA:572,29
DA:573,92
DA:574,52
DA:575,91
DA:576,81
DA:577,68
DA:578,55
DA:579,164
DA:580,100
DA:581,65
DA:582,107
DA:583,23
DA:584,115
DA:585,22
DA:586,108
DA:587,103
DA:588,99
DA:589,156
DA:590,152
DA:591,142
DA:592,109
DA:593,104
DA:594,98
DA:595,153
DA:596,216
DA:597,25
DA:598,77
DA:599,87
DA:600,65
DA:601,120
DA:602,107
DA:603,150
DA:604,107
DA:605,57
DA:606,91
DA:607,131
DA:608,60
DA:609,77
DA:610,192
DA:611,35
DA:616,130
DA:617,66
DA:618,21
DA:619,65
DA:1007,26
DA:1008,43
DA:1009,36
DA:1010,21
DA:1146,35
DA:1147,24
DA:1149,71
DA:1173,63
DA:1174,54
DA:1186,48
DA:1187,30
DA:1188,11
DA:1204,8
DA:1205,15
DA:1206,31
DA:1208,64
DA:1209,22
DA:1283,24
DA:1284,46
DA:1286,38
DA:1287,4
DA:1288,3
DA:1311,46
DA:1313,61
DA:1315,14
DA:1317,18
DA:1318,43
DA:1319,144
DA:1321,84
DA:1322,24
DA:1326,50
DA:1327,107
DA:1328,54
DA:1329,6
DA:1331,18
DA:1333,80
DA:1349,24
DA:1350,44
DA:1351,38
DA:1363,47
DA:1365,2
DA:1367,13
DA:1368,8
DA:1369,110
DA:1370,28
DA:1372,42
DA:1373,48
DA:1374,26
DA:1375,33
DA:1376,27
DA:1377,22
DA:1378,37
DA:1379,49
DA:1380,27
DA:1381,38
DA:1382,32
DA:1383,18
DA:1384,8
DA:1386,37
DA:1401,90
DA:1402,14
DA:1403,30
DA:1405,31
DA:1406,8
DA:1407,8
DA:1408,32
DA:1409,40
DA:1410,84
DA:1411,58
DA:1412,63
DA:1413,103
DA:1414,109
DA:1415,74
DA:1416,135
DA:1417,82
DA:1418,50
DA:1419,59
DA:1420,44
DA:1421,16
DA:1424,33
DA:1425,36
DA:1426,32
DA:1427,62
DA:1428,54
DA:1429,23
DA:1430,30
DA:1431,30
DA:1432,25
DA:1434,40
DA:1435,26
DA:1437,19
DA:1441,66
DA:1442,100
DA:1445,56
DA:1446,6
DA:1450,13
DA:1452,63
DA:1453,54
DA:1476,36
DA:1477,26
DA:1478,3
DA:1479,56
DA:1480,40
DA:1481,25
DA:1482,15
DA:1483,36
DA:1484,2
DA:1485,28
DA:1486,11
DA:1487,85
DA:1488,38
DA:1490,27
DA:1491,26
DA:1492,25
DA:1493,40
DA:1494,30
DA:1496,28
DA:1498,11
DA:1499,28
DA:1500,30
DA:1520,54
DA:1522,25
DA:1523,26
DA:1524,3
DA:1525,24
DA:1526,40
DA:1527,25
DA:1529,17
DA:1530,9
DA:1531,2
DA:1533,13
DA:1534,34
DA:1535,54
DA:1538,4
DA:1541,12
DA:1543,6
DA:1544,50
DA:1546,55
DA:1547,2
DA:1548,40
DA:1549,32
DA:1550,5
DA:1552,73
DA:1553,11
DA:1554,47
DA:1555,35
DA:1557,24
DA:1559,35
DA:1561,54
DA:1563,50
DA:1564,52
DA:1565,6
DA:1567,49
DA:1568,48
DA:1570,79
DA:1571,50
DA:1573,34
DA:1574,18
DA:1575,4
DA:1577,82
DA:1578,193
DA:1582,8
DA:1585,24
DA:1587,10
DA:1589,49
DA:1590,9
DA:1591,135
DA:1597,50
DA:1599,12
DA:1600,22
DA:1602,24
DA:1603,5
DA:1604,95
DA:1606,55
DA:1617,29
DA:1618,3
DA:1619,25
DA:1620,24
DA:1622,40
DA:1623,25
DA:1625,17
DA:1626,9
DA:1627,2
DA:1629,42
DA:1630,101
DA:1634,5
DA:1637,12
DA:1639,5
DA:1641,6
DA:1642,50
DA:1644,51
DA:1645,1
DA:1646,12
DA:1648,26
DA:1650,27
DA:1652,25
DA:1653,9
DA:1654,135
DA:1660,50
DA:1662,12
DA:1663,22
DA:1665,16
DA:1666,3
DA:1667,53
DA:1669,52
DA:1673,48
DA:1675,57
DA:1677,44
DA:1678,198
DA:1680,9
DA:1681,33
DA:1683,60
DA:1685,40
DA:1686,40
DA:1687,6
DA:1689,36
DA:1690,95
DA:1696,34
DA:1697,44
DA:1699,17
DA:1700,46
DA:1702,4
DA:1703,75
DA:1706,4
DA:1708,25
DA:1709,39
DA:1710,7
DA:1711,4
DA:1712,26
DA:1713,83
DA:1714,25
DA:1715,30
DA:1716,21
DA:1717,37
DA:1718,4
DA:1719,3
DA:1720,37
DA:1721,90
DA:1724,4
DA:1728,12
DA:1730,43
DA:1731,15
DA:1733,6
DA:1734,33
DA:1735,30
DA:1737,13
DA:1740,21
DA:1744,26
DA:1746,86
DA:1747,21
DA:1748,14
DA:1750,16
DA:1751,18
DA:1753,27
DA:1755,27
DA:1756,28
DA:1757,3
DA:1759,5
DA:1760,42
DA:1761,23
DA:1762,26
DA:1763,2
DA:1764,39
DA:1765,4
DA:1769,13
DA:1771,17
DA:1773,7
DA:1776,1256
DA:1819,68
DA:1820,63
DA:1821,69
DA:1823,58
DA:1824,12
DA:1827,8
DA:1828,32
DA:1829,16
DA:1830,2
DA:1831,6
DA:1832,20
DA:1833,24
DA:1834,24
DA:1836,52
DA:1837,14
DA:1838,28
DA:1839,42
DA:1840,38
DA:1841,28
DA:1842,24
DA:1843,4
DA:1844,14
DA:1845,34
DA:1846,36
DA:1847,46
DA:1848,26
DA:1849,4
DA:1850,48
DA:1852,62
DA:1853,28
DA:1854,30
DA:1855,28
DA:1856,60
DA:1857,36
DA:1858,32
DA:1859,42
DA:1861,36
DA:1862,9
DA:1863,1
DA:1864,14
DA:1866,63
DA:1867,12
DA:1868,112
DA:1869,2
DA:1870,19
DA:1871,13
DA:1872,15
DA:1873,30
DA:1874,10
DA:1875,2
DA:1877,49
DA:1898,12
DA:1899,2
DA:1901,38
DA:1902,2
DA:1903,12
DA:1905,30
DA:1906,3
DA:1907,19
DA:1909,19
DA:1913,7
DA:1914,8
DA:1915,2
DA:1916,18
DA:1917,10
DA:1920,42
DA:1923,95
DA:1924,41
DA:1926,34
DA:1927,50
DA:1929,116
DA:1931,128
DA:1936,41
DA:1937,33
DA:1938,45
DA:1939,255
DA:1943,97
DA:1948,242
DA:1951,18
DA:1952,123
DA:1953,104
DA:1954,61
DA:1957,64
DA:1959,1000
DA:1983,45
DA:1984,105
DA:1985,11
DA:1988,41
DA:1989,3
DA:1990,251
DA:1995,41
DA:1996,23
DA:1997,48
DA:1998,12
DA:1999,11
DA:2002,72
DA:2004,74
DA:2006,376
DA:2015,228
DA:2025,51
DA:2026,71
DA:2027,77
DA:2029,7
DA:2031,4
DA:2034,37
DA:2035,51
DA:2038,15
DA:2040,45
DA:2041,22
DA:2044,49
DA:2045,80
DA:2046,35
DA:2047,15
DA:2048,18
DA:2049,8
DA:2050,28
DA:2051,68
DA:2053,21
DA:2055,17
DA:2056,49
DA:2057,38
DA:2058,44
DA:2059,56
DA:2060,6
DA:2061,65
DA:2062,53
DA:2063,50
DA:2065,111
DA:2066,54
DA:2067,16
DA:2068,37
DA:2070,90
DA:2072,9
DA:2073,33
DA:2074,69
DA:2079,8
DA:2080,46
DA:2082,14
DA:2083,42
DA:2084,24
DA:2085,6
DA:2089,125
DA:2094,24
DA:2096,54
DA:2097,28
DA:2099,86
DA:2100,57
DA:2104,33
DA:2105,17
DA:2106,79
DA:2108,21
DA:2113,337
DA:2133,60
DA:2135,58
DA:2141,16
DA:2145,84
DA:2146,12
DA:2148,57
DA:2149,29
DA:2151,70
DA:2152,33
DA:2156,28
DA:2159,32
DA:2161,32
DA:2162,14
DA:2163,2
DA:2164,6
DA:2165,12
DA:2166,38
DA:2167,34
DA:2168,24
DA:2169,28
DA:2170,18
DA:2171,24
DA:2172,32
DA:2173,42
DA:2175,36
DA:2176,6
DA:2179,7
DA:2180,8
DA:2181,2
DA:2182,32
DA:2183,18
DA:2185,1082
DA:2197,3
DA:2206,101
DA:2207,15
DA:2208,85
DA:2211,62
DA:2216,49
DA:2217,28
DA:2219,5
DA:2221,6
DA:2223,596
DA:2238,16
DA:2239,6
DA:2240,52
DA:2241,49
DA:2242,22
DA:2243,5
DA:2245,78
DA:2246,25
DA:2248,5
DA:2249,27
DA:2250,14
DA:2252,35
DA:2254,10
DA:2255,239
DA:2264,4
DA:2265,29
DA:2266,31
DA:2267,18
DA:2268,5
DA:2269,12
DA:2270,24
DA:2271,81
DA:2272,43
DA:2273,8
DA:2274,25
DA:2275,9
DA:2276,21
DA:2278,56
DA:2279,60
DA:2281,10
DA:2282,50
DA:2283,25
DA:2285,16
DA:2287,71
DA:2288,11
DA:2290,87
DA:2292,29
DA:2293,936
DA:2294,2
DA:2295,8
DA:2296,2
DA:2297,7
DA:2298,7
DA:2301,20
DA:2303,29
DA:2304,30
DA:2305,25
DA:2306,15
DA:2307,29
DA:2309,29
DA:2310,6
DA:2311,4
DA:2312,86
DA:2313,58
DA:2314,56
DA:2315,9
DA:2317,78
DA:2318,163
DA:2319,50
DA:2320,23
DA:2321,42
DA:2322,43
DA:2323,18
DA:2325,106
DA:2326,54
DA:2327,78
DA:2328,32
DA:2329,8
DA:2330,32
DA:2331,10
DA:2333,12
DA:2334,53
DA:2335,10
DA:2336,132
DA:2337,15
DA:2338,32
DA:2339,10
DA:2340,32
DA:2341,32
DA:2342,33
DA:2343,20
DA:2344,12
DA:2345,56
DA:2346,90
DA:2347,51
DA:2348,32
DA:2349,56
DA:2350,39
DA:2351,10
DA:2353,8
DA:2354,25
DA:2355,10
DA:2357,8
DA:2358,25
DA:2359,10
DA:2361,7
DA:2362,24
DA:2363,7
DA:2367,23
DA:2398,13
DA:2488,13
DA:2674,13
DA:3036,13
DA:3189,5
DA:3190,4
DA:3200,4
DA:3201,2
DA:3202,25
DA:3203,36
DA:3205,40
DA:3207,11
DA:3209,29
DA:3211,9
DA:3214,47
DA:3215,25
DA:3216,2
DA:3230,2
DA:3231,2
DA:3232,22
DA:3233,2
DA:3234,12
DA:3237,39
DA:3240,6
DA:3241,4
DA:3242,2
DA:3243,50
DA:3244,16
DA:3245,24
DA:3246,25
DA:3247,2
DA:3293,20
DA:3294,2
DA:3295,22
DA:3296,2
DA:3297,12
DA:3300,9
DA:3303,51
DA:3304,25
DA:3305,10
DA:3306,23
DA:3307,22
DA:3308,2
DA:3309,12
DA:3312,60
DA:3314,45
DA:3315,63
DA:3320,62
DA:3321,64
DA:3323,48
DA:3324,10
DA:3325,6
DA:3326,53
DA:3328,8
DA:3329,11
DA:3330,24
DA:3331,2
DA:3333,3
DA:3334,26
DA:3335,21
DA:3336,2
DA:3338,12
DA:3340,27
DA:3341,22
DA:3342,1
DA:3343,19
DA:3344,19
DA:3345,11
DA:3346,27
DA:3347,2
DA:3348,1
DA:3349,19
DA:3350,19
DA:3351,11
DA:3352,28
DA:3353,24
DA:3354,24
DA:3355,33
DA:3356,24
DA:3357,24
DA:3358,26
DA:3359,25
DA:3360,34
DA:3364,4
DA:3365,26
DA:3366,34
DA:3370,3
DA:3371,1
DA:3372,2
DA:3375,46
DA:3376,17
DA:3377,2
DA:3379,11
DA:3380,44
DA:3381,32
DA:3383,26
DA:3384,30
DA:3385,4
DA:3388,19
DA:3393,44
DA:3394,2
DA:3396,24
DA:3397,37
DA:3399,20
DA:3400,13
DA:3401,105
DA:3402,2
DA:3404,24
DA:3405,40
DA:3407,28
DA:3409,28
DA:3410,40
DA:3414,30
DA:3415,19
DA:3416,39
DA:3417,26
DA:3418,2
DA:3420,29
DA:3421,2
DA:3422,35
DA:3423,17
DA:3424,22
DA:3425,2
DA:3426,7
DA:3428,1
DA:3429,20
DA:3431,30
DA:3432,19
DA:3433,39
DA:3434,26
DA:3435,2
DA:3437,29
DA:3438,2
DA:3439,35
DA:3440,17
DA:3441,22
DA:3442,2
DA:3443,3
DA:3447,20
DA:3448,2
DA:3449,54
DA:3451,11
DA:3452,104
DA:3454,16
DA:3455,21
DA:3456,47
DA:3457,2
DA:3459,8
DA:3460,51
DA:3461,21
DA:3462,3
DA:3464,98
DA:3465,34
DA:3466,4
DA:3468,70
DA:3469,84
DA:3470,62
DA:3471,6
DA:3474,50
DA:3475,17
DA:3476,2
DA:3477,35
DA:3478,42
DA:3479,31
DA:3480,2
DA:3484,50
DA:3485,78
DA:3488,22
DA:3489,16
DA:3490,8
DA:3491,88
DA:3492,7
DA:3493,1
DA:3494,46
DA:3496,15
DA:3497,26
DA:3498,47
DA:3499,4
DA:3502,20
DA:3506,32
DA:3507,86
DA:3508,98
DA:3509,104
DA:3510,92
DA:3511,80
DA:3512,96
DA:3513,3
DA:3516,74
DA:3517,60
DA:3518,62
DA:3519,64
DA:3520,92
DA:3521,34
DA:3522,4
DA:3524,118
DA:3525,32
DA:3526,3
DA:3527,18
DA:3528,4
DA:3529,4
DA:3530,4
DA:3531,4
DA:3532,4
DA:3533,2
DA:3534,38
DA:3535,2
DA:3536,2
DA:3537,3
DA:3540,11
DA:3541,11
DA:3542,81
DA:3544,16
DA:3545,21
DA:3546,47
DA:3547,2
DA:3549,6
DA:3550,51
DA:3551,21
DA:3552,3
DA:3554,12
DA:3556,54
DA:3557,43
DA:3558,2
DA:3559,38
DA:3560,38
DA:3561,22
DA:3562,54
DA:3563,3
DA:3564,1
DA:3565,19
DA:3566,19
DA:3567,11
DA:3568,28
DA:3569,24
DA:3570,24
DA:3571,23
DA:3572,24
DA:3573,24
DA:3574,26
DA:3575,25
DA:3576,35
DA:3580,4
DA:3581,26
DA:3582,36
DA:3586,3
DA:3587,1
DA:3588,3
DA:3590,28
DA:3591,22
DA:3592,24
DA:3593,2
DA:3594,7
DA:3596,15
DA:3597,11
DA:3598,11
DA:3599,2
DA:3603,100
DA:3604,36
DA:3605,6
DA:3607,96
DA:3608,36
DA:3609,6
DA:3611,23
DA:3655,13
DA:3735,13
DA:3754,3
DA:3775,2
DA:3776,4
DA:3777,4
DA:3778,4
DA:3815,2
DA:3816,44
DA:3818,23
DA:3900,13
DA:3982,13
DA:4064,13
DA:4146,13
DA:4165,7
DA:4185,2
DA:4186,4
DA:4187,4
DA:4188,4
DA:4225,2
DA:4226,52
DA:4228,23
DA:4310,13
DA:4392,13
DA:4474,13
DA:4562,13
DA:4743,13
DA:4922,7
DA:4923,4
DA:4928,4
DA:4933,4
DA:4934,2
DA:4935,27
DA:4940,8
DA:4941,32
DA:4942,17
DA:4943,12
DA:4951,23
DA:4952,4
DA:4953,4
DA:4954,31
DA:4955,13
DA:4957,4
DA:4958,6
DA:4962,28
DA:4964,57
DA:4966,41
DA:4967,18
DA:4968,10
DA:4969,29
DA:4970,26
DA:4971,24
DA:4972,2
DA:4973,1
DA:4974,23
DA:4975,1
DA:4976,6
DA:4977,27
DA:4979,12
DA:4982,35
DA:4984,94
DA:4985,46
DA:4986,6
DA:4988,27
DA:4990,11
DA:4991,6
DA:4992,48
DA:4993,30
DA:4994,46
DA:4996,20
DA:4999,48
DA:5000,26
DA:5002,14
DA:5182,10
DA:5183,4
DA:5188,4
DA:5193,4
DA:5194,2
DA:5195,27
DA:5200,8
DA:5201,32
DA:5202,17
DA:5203,12
DA:5211,23
DA:5212,4
DA:5213,4
DA:5214,31
DA:5215,13
DA:5217,4
DA:5218,6
DA:5222,28
DA:5224,57
DA:5226,41
DA:5227,18
DA:5228,10
DA:5229,33
DA:5230,30
DA:5231,28
DA:5232,2
DA:5233,1
DA:5234,23
DA:5235,1
DA:5236,6
DA:5237,31
DA:5239,12
DA:5242,35
DA:5244,54
DA:5245,50
DA:5246,4
DA:5247,2
DA:5248,46
DA:5249,2
DA:5250,4
DA:5252,27
DA:5254,11
DA:5255,6
DA:5256,3
DA:5257,18
DA:5258,31
DA:5260,34
DA:5262,54
DA:5264,20
DA:5267,52
DA:5268,30
DA:5270,14
DA:5438,30
DA:5500,17
DA:5501,41
DA:5502,18
DA:5505,27
DA:5506,4
DA:5508,27
DA:5510,11
DA:5511,47
DA:5513,12
DA:5516,27
DA:5518,13
DA:5650,30
DA:5775,13
DA:5782,33
DA:5789,33
DA:5803,12
DA:5806,55
DA:5813,23
DA:5814,67
DA:5815,17
DA:5816,17
DA:5844,16
DA:5850,4
DA:5932,14
DA:5970,50
DA:5972,1270
LF:2147483648
LH:1077
end_of_record
TN:
SF:node_modules\nanoid\index.js
FNF:5
FNH:2
DA:1,43
DA:2,73
DA:3,54
DA:4,33
DA:5,23
DA:6,23
DA:7,36
DA:8,60
DA:9,33
DA:10,20
DA:11,43
DA:14,2
DA:15,24
DA:19,1
DA:33,1
DA:37,1
DA:39,19
DA:40,22
DA:41,14
DA:42,54
DA:43,43
DA:44,1
DA:45,11
LF:47
LH:23
end_of_record
TN:
SF:node_modules\nanoid\url-alphabet\index.js
FNF:1
FNH:1
DA:1,26
DA:2,67
LF:3
LH:2
end_of_record
TN:
SF:src\cache.ts
FNF:6
FNH:6
DA:6,104
DA:16,5
DA:17,10
DA:18,14
DA:19,62
DA:20,4
DA:21,62
DA:22,118
DA:31,19
DA:32,65
DA:41,19
DA:42,65
DA:50,15
DA:51,51
DA:53,2
DA:55,60
DA:57,47
LF:58
LH:17
end_of_record
TN:
SF:src\compression-stream.ts
FNF:8
FNH:8
DA:1,24
DA:2,33
DA:12,33
DA:13,10
DA:14,12
DA:18,2
DA:19,61
DA:21,41
DA:27,15
DA:28,61
DA:29,55
DA:31,4
DA:33,42
DA:40,41
DA:47,26
DA:48,4
DA:50,13
DA:51,13
DA:52,10
DA:53,3
DA:63,31
DA:64,10
DA:65,12
DA:66,2
DA:67,27
DA:68,16
DA:69,23
DA:70,3
DA:72,29
DA:73,16
DA:74,74
DA:75,38
DA:76,41
DA:77,9
DA:78,25
DA:79,3
DA:81,28
DA:82,6
DA:83,58
DA:84,8
DA:85,46
DA:86,11
DA:87,53
DA:89,34
DA:98,23
DA:99,45
DA:101,3
LF:104
LH:47
end_of_record
TN:
SF:src\index.ts
FNF:1
FNH:1
DA:1,30
DA:2,35
DA:12,24
DA:17,37
DA:22,27
DA:27,23
DA:33,60
LF:37
LH:7
end_of_record
TN:
SF:src\main.ts
FNF:16
FNH:15
DA:1,86
DA:8,78
DA:12,66
DA:13,50
DA:14,54
DA:16,112
DA:17,68
DA:29,39
DA:30,34
DA:31,29
DA:33,77
DA:34,82
DA:35,80
DA:38,50
DA:39,60
DA:40,31
DA:41,111
DA:42,120
DA:43,126
DA:44,6
DA:46,84
DA:48,2
DA:62,42
DA:63,43
DA:65,19
DA:66,65
DA:69,43
DA:70,78
DA:73,19
DA:74,64
DA:76,2
DA:92,53
DA:93,24
DA:94,4
DA:95,54
DA:96,32
DA:97,46
DA:98,6
DA:99,58
DA:100,32
DA:101,134
DA:102,138
DA:103,18
DA:104,50
DA:105,6
DA:106,152
DA:107,72
DA:108,220
DA:109,100
DA:110,94
DA:111,84
DA:112,126
DA:113,118
DA:115,104
DA:116,32
DA:117,24
DA:118,6
DA:119,82
DA:121,58
DA:122,46
DA:123,30
DA:124,8
DA:133,51
DA:134,22
DA:135,22
DA:136,4
DA:137,60
DA:138,102
DA:139,6
DA:140,77
DA:141,85
DA:142,3
DA:144,156
DA:145,126
DA:146,62
DA:156,110
DA:158,125
DA:159,27
DA:160,3
DA:162,48
DA:163,68
DA:165,56
DA:166,102
DA:167,119
DA:168,69
DA:169,6
DA:171,95
DA:172,27
DA:173,3
DA:175,68
DA:176,38
DA:177,44
DA:178,132
DA:185,143
DA:186,74
DA:187,160
DA:188,17
DA:189,96
DA:190,34
DA:191,8
DA:192,126
DA:194,141
DA:196,90
DA:198,83
DA:199,33
DA:200,3
DA:203,152
DA:204,57
DA:205,33
DA:206,3
DA:208,115
DA:220,108
DA:221,29
DA:222,72
DA:223,22
DA:224,70
DA:226,131
DA:227,35
DA:228,21
DA:232,91
DA:233,90
DA:234,52
DA:235,126
DA:236,34
DA:237,9
DA:238,17
DA:239,95
DA:241,94
DA:243,84
DA:244,36
DA:245,68
DA:246,10
DA:247,9
DA:248,6
DA:249,27
LF:251
LH:135
end_of_record
TN:
SF:src\types.ts
FNF:0
FNH:0
LF:95
LH:0
end_of_record
TN:
SF:tests\cache.test.ts
FNF:7
FNH:7
DA:1,64
DA:2,33
DA:3,50
DA:5,27
DA:6,41
DA:7,30
DA:8,40
DA:9,3
DA:11,37
DA:12,30
DA:13,18
DA:14,42
DA:15,3
DA:17,45
DA:18,30
DA:19,36
DA:20,38
DA:21,3
DA:23,35
DA:24,31
DA:25,59
DA:26,43
DA:27,3
DA:28,2
LF:29
LH:24
end_of_record
TN:
SF:tests\compression-stream.test.ts
FNF:10
FNH:10
DA:1,68
DA:2,61
DA:3,24
DA:4,39
DA:6,37
DA:7,49
DA:8,44
DA:9,33
DA:10,42
DA:11,43
DA:12,3
DA:14,67
DA:16,63
DA:19,60
DA:22,40
DA:23,34
DA:24,25
DA:27,40
DA:28,41
DA:29,21
DA:30,18
DA:31,63
DA:32,17
DA:34,78
DA:35,1
DA:36,28
DA:37,1
DA:41,58
DA:42,51
DA:48,54
DA:49,42
DA:50,3
DA:51,56
DA:52,3
DA:54,69
DA:56,63
DA:59,62
DA:62,40
DA:63,34
DA:64,25
DA:67,40
DA:68,41
DA:69,21
DA:70,18
DA:71,63
DA:72,17
DA:74,78
DA:75,1
DA:76,28
DA:77,1
DA:81,58
DA:82,51
DA:88,54
DA:89,32
DA:90,3
DA:91,56
DA:92,3
DA:94,72
DA:96,63
DA:99,65
DA:102,40
DA:103,34
DA:104,25
DA:107,40
DA:108,41
DA:109,21
DA:110,18
DA:111,63
DA:112,17
DA:114,78
DA:115,1
DA:116,28
DA:117,1
DA:121,58
DA:122,51
DA:128,54
DA:129,33
DA:130,3
DA:131,56
DA:132,3
DA:134,54
DA:136,63
DA:139,58
DA:142,40
DA:143,34
DA:144,25
DA:147,40
DA:148,41
DA:149,21
DA:150,18
DA:151,63
DA:152,17
DA:154,78
DA:155,1
DA:156,28
DA:157,1
DA:161,58
DA:162,49
DA:163,3
DA:164,2
LF:165
LH:100
end_of_record
TN:
SF:tests\index.test.ts
FNF:67
FNH:67
DA:1,68
DA:2,24
DA:3,28
DA:4,40
DA:5,36
DA:7,58
DA:8,33
DA:10,36
DA:11,57
DA:12,28
DA:13,4
DA:14,19
DA:15,24
DA:16,19
DA:17,2
DA:18,2
DA:19,30
DA:20,40
DA:22,59
DA:23,49
DA:24,3
DA:26,39
DA:27,28
DA:28,4
DA:29,19
DA:30,24
DA:31,16
DA:32,2
DA:33,2
DA:34,30
DA:35,40
DA:37,59
DA:38,62
DA:39,3
DA:41,40
DA:42,28
DA:43,59
DA:44,30
DA:45,40
DA:47,64
DA:48,62
DA:49,3
DA:51,37
DA:52,28
DA:53,56
DA:54,30
DA:55,40
DA:57,61
DA:58,62
DA:59,3
DA:61,39
DA:62,28
DA:63,59
DA:64,23
DA:65,45
DA:67,26
DA:68,3
DA:69,40
DA:71,64
DA:72,59
DA:73,62
DA:74,3
DA:76,39
DA:77,28
DA:78,56
DA:79,30
DA:81,40
DA:83,63
DA:84,62
DA:85,3
DA:87,45
DA:88,28
DA:89,56
DA:90,36
DA:92,40
DA:94,48
DA:95,32
DA:96,3
DA:97,62
DA:98,3
DA:100,39
DA:101,28
DA:102,56
DA:103,43
DA:105,40
DA:107,62
DA:108,49
DA:109,3
DA:111,46
DA:112,28
DA:113,56
DA:114,23
DA:115,37
DA:116,3
DA:118,40
DA:120,61
DA:121,3
DA:123,34
DA:124,28
DA:125,56
DA:126,36
DA:127,24
DA:128,19
DA:129,7
DA:130,3
DA:132,40
DA:134,67
DA:135,3
DA:137,41
DA:138,28
DA:139,56
DA:140,16
DA:141,35
DA:142,29
DA:144,32
DA:145,29
DA:147,29
DA:148,1
DA:149,3
DA:151,40
DA:153,61
DA:154,62
DA:155,3
DA:157,55
DA:158,28
DA:159,4
DA:160,12
DA:161,16
DA:162,2
DA:163,2
DA:164,59
DA:165,16
DA:166,35
DA:167,29
DA:169,32
DA:170,29
DA:172,29
DA:173,1
DA:174,3
DA:176,40
DA:178,71
DA:179,3
DA:181,52
DA:182,28
DA:183,4
DA:184,12
DA:185,16
DA:186,2
DA:187,2
DA:188,56
DA:189,16
DA:190,35
DA:191,29
DA:193,32
DA:194,29
DA:196,29
DA:197,1
DA:198,3
DA:200,40
DA:202,69
DA:203,48
DA:204,3
DA:206,84
DA:207,28
DA:208,38
DA:209,16
DA:210,26
DA:211,3
DA:213,40
DA:215,33
DA:216,59
DA:217,49
DA:218,3
DA:220,78
DA:221,28
DA:222,44
DA:223,16
DA:224,26
DA:225,3
DA:227,70
DA:229,33
DA:230,59
DA:231,49
DA:232,3
DA:234,63
DA:235,28
DA:236,38
DA:237,16
DA:238,26
DA:239,3
DA:241,40
DA:242,34
DA:244,33
DA:245,59
DA:246,47
DA:247,40
DA:248,3
DA:250,74
DA:251,28
DA:252,57
DA:253,16
DA:254,24
DA:255,3
DA:257,40
DA:258,34
DA:260,33
DA:261,59
DA:262,47
DA:263,49
DA:264,48
DA:265,32
DA:266,5
DA:267,3
DA:269,90
DA:270,28
DA:271,38
DA:272,16
DA:273,26
DA:274,3
DA:276,66
DA:278,33
DA:279,59
DA:280,49
DA:281,3
DA:283,43
DA:284,79
DA:285,26
DA:286,3
DA:288,40
DA:289,21
DA:290,46
DA:291,19
DA:293,33
DA:294,59
DA:295,60
DA:296,38
DA:298,41
DA:299,22
DA:300,47
DA:301,19
DA:303,34
DA:304,60
DA:305,61
DA:306,39
DA:307,31
DA:308,3
DA:310,54
DA:311,28
DA:312,35
DA:313,19
DA:314,51
DA:315,26
DA:316,3
DA:318,40
DA:320,33
DA:321,59
DA:322,80
DA:323,3
DA:324,2
LF:325
LH:259
end_of_record
TN:
SF:tests\setup.ts
FNF:1
FNH:1
DA:1,35
DA:2,36
DA:3,14
DA:4,52
DA:5,9
DA:6,2
DA:7,2
DA:9,920
DA:15,40
DA:17,57
LF:18
LH:10
end_of_record
